{"contracts/Eschrow.sol":{"l":{"16":0,"23":0},"path":"/Users/snallani/Documents/Documents/Projects/Hardhat/LuckyProjs/SuperRare/contracts/Eschrow.sol","s":{"1":0,"2":0},"b":{},"f":{"1":0,"2":0},"fnMap":{"1":{"name":"name","line":15,"loc":{"start":{"line":15,"column":4},"end":{"line":17,"column":4}}},"2":{"name":"symbol","line":22,"loc":{"start":{"line":22,"column":4},"end":{"line":24,"column":4}}}},"statementMap":{"1":{"start":{"line":16,"column":8},"end":{"line":16,"column":24}},"2":{"start":{"line":23,"column":8},"end":{"line":23,"column":20}}},"branchMap":{}},"contracts/EschrowERC721.sol":{"l":{"19":21,"26":0,"33":0},"path":"/Users/snallani/Documents/Documents/Projects/Hardhat/LuckyProjs/SuperRare/contracts/EschrowERC721.sol","s":{"1":21,"2":0,"3":0},"b":{},"f":{"1":3,"2":21,"3":0,"4":0},"fnMap":{"1":{"name":"constructor","line":14,"loc":{"start":{"line":14,"column":0},"end":{"line":16,"column":0}}},"2":{"name":"onERC721Received","line":18,"loc":{"start":{"line":18,"column":0},"end":{"line":20,"column":0}}},"3":{"name":"name","line":25,"loc":{"start":{"line":25,"column":4},"end":{"line":27,"column":4}}},"4":{"name":"symbol","line":32,"loc":{"start":{"line":32,"column":4},"end":{"line":34,"column":4}}}},"statementMap":{"1":{"start":{"line":19,"column":4},"end":{"line":19,"column":41}},"2":{"start":{"line":26,"column":8},"end":{"line":26,"column":20}},"3":{"start":{"line":33,"column":8},"end":{"line":33,"column":22}}},"branchMap":{}},"contracts/IERC721Receiver.sol":{"l":{},"path":"/Users/snallani/Documents/Documents/Projects/Hardhat/LuckyProjs/SuperRare/contracts/IERC721Receiver.sol","s":{},"b":{},"f":{},"fnMap":{},"statementMap":{},"branchMap":{}},"contracts/ISupeRare.sol":{"l":{},"path":"/Users/snallani/Documents/Documents/Projects/Hardhat/LuckyProjs/SuperRare/contracts/ISupeRare.sol","s":{},"b":{},"f":{},"fnMap":{},"statementMap":{},"branchMap":{}},"contracts/ISupeRareV2.sol":{"l":{},"path":"/Users/snallani/Documents/Documents/Projects/Hardhat/LuckyProjs/SuperRare/contracts/ISupeRareV2.sol","s":{},"b":{},"f":{},"fnMap":{},"statementMap":{},"branchMap":{}},"contracts/SupeRare.sol":{"l":{"46":0,"47":0,"49":0,"50":0,"51":0,"59":0,"61":0,"68":0,"69":0,"76":88,"77":88,"78":88,"110":0,"111":0,"119":91,"128":90,"137":5,"146":209,"147":209,"148":208,"157":0,"166":0,"175":0,"176":0,"177":0,"178":0,"179":0,"188":0,"189":0,"198":88,"199":88,"200":88,"208":0,"209":0,"211":0,"212":0,"223":0,"233":0,"234":0,"235":0,"237":0,"238":0,"239":0,"240":0,"248":0,"249":0,"250":0,"259":88,"260":88,"261":88,"262":88,"263":88,"264":88,"273":0,"275":0,"276":0,"277":0,"279":0,"280":0,"281":0,"287":0,"288":0,"289":0,"312":21,"319":10,"320":10,"328":0,"329":0,"330":0,"399":7,"400":7,"408":0,"409":0,"416":7,"417":7,"427":0,"428":0,"429":0,"437":1,"438":1,"448":6,"449":6,"451":6,"452":81,"453":81,"454":81,"463":0,"464":0,"465":0,"466":0,"467":0,"475":0,"476":0,"477":0,"478":0,"479":0,"480":0,"481":0,"482":0,"483":0,"491":0,"492":0,"493":0,"494":0,"495":0,"496":0,"504":0,"505":0,"506":0,"507":0,"508":0,"509":0,"510":0,"511":0,"512":0,"513":0,"514":0,"515":0,"516":0,"524":0,"525":0,"526":0,"527":0,"535":8,"536":8,"544":1,"552":1,"559":0,"566":0,"573":0,"582":2,"592":116,"593":116,"604":2,"605":2,"606":2,"615":0,"624":22,"633":22,"641":0,"642":0,"643":0,"644":0,"653":0,"661":0,"662":0,"673":0,"674":0,"675":0,"676":0,"677":0,"678":0,"679":0,"681":0,"682":0,"683":0,"684":0,"686":0,"687":0,"688":0,"697":88,"698":88,"699":88,"700":88,"701":88},"path":"/Users/snallani/Documents/Documents/Projects/Hardhat/LuckyProjs/SuperRare/contracts/SupeRare.sol","s":{"1":0,"2":0,"3":0,"4":0,"5":0,"6":0,"7":0,"8":0,"9":0,"10":88,"11":88,"12":88,"13":0,"14":91,"15":90,"16":5,"17":209,"18":209,"19":208,"20":0,"21":0,"22":0,"23":0,"24":0,"25":0,"26":0,"27":0,"28":88,"29":88,"30":88,"31":0,"32":0,"33":0,"34":0,"35":0,"36":0,"37":0,"38":0,"39":0,"40":0,"41":0,"42":0,"43":0,"44":0,"45":88,"46":88,"47":88,"48":0,"49":0,"50":0,"51":0,"52":10,"53":0,"54":0,"55":7,"56":0,"57":7,"58":0,"59":1,"60":6,"61":6,"62":81,"63":81,"64":0,"65":0,"66":0,"67":0,"68":0,"69":0,"70":0,"71":0,"72":0,"73":0,"74":0,"75":0,"76":0,"77":0,"78":0,"79":0,"80":0,"81":0,"82":0,"83":0,"84":0,"85":0,"86":0,"87":0,"88":0,"89":0,"90":0,"91":0,"92":0,"93":0,"94":0,"95":0,"96":8,"97":0,"98":0,"99":0,"100":2,"101":116,"102":116,"103":2,"104":2,"105":2,"106":0,"107":22,"108":22,"109":0,"110":0,"111":0,"112":0,"113":0,"114":0,"115":0,"116":0,"117":0,"118":0,"119":0,"120":0,"121":88,"122":88,"123":88},"b":{"1":[0,0],"2":[0,0],"3":[208,1],"4":[0,0],"5":[0,0],"6":[0,0],"7":[0,0],"8":[0,0],"9":[0,0],"10":[88,0],"11":[0,0],"12":[0,0],"13":[0,0],"14":[0,0],"15":[0,0],"16":[0,0],"17":[88,0],"18":[0,0],"19":[10,0],"20":[0,0],"21":[0,0],"22":[7,0],"23":[0,0],"24":[7,0],"25":[0,0],"26":[1,0],"27":[1,0],"28":[6,0],"29":[6,0],"30":[0,0],"31":[0,0],"32":[0,0],"33":[0,0],"34":[0,0],"35":[0,0],"36":[0,0],"37":[0,0],"38":[0,0],"39":[8,0],"40":[1,0],"41":[1,0],"42":[0,0],"43":[0,0]},"f":{"1":0,"2":0,"3":0,"4":88,"5":0,"6":91,"7":90,"8":5,"9":209,"10":0,"11":0,"12":0,"13":0,"14":88,"15":0,"16":0,"17":0,"18":0,"19":88,"20":0,"21":21,"22":10,"23":0,"24":7,"25":0,"26":7,"27":0,"28":1,"29":6,"30":0,"31":0,"32":0,"33":0,"34":0,"35":8,"36":1,"37":1,"38":0,"39":0,"40":0,"41":2,"42":116,"43":2,"44":0,"45":22,"46":22,"47":0,"48":0,"49":0,"50":0,"51":88},"fnMap":{"1":{"name":"mul","line":45,"loc":{"start":{"line":45,"column":2},"end":{"line":52,"column":2}}},"2":{"name":"div","line":57,"loc":{"start":{"line":57,"column":2},"end":{"line":62,"column":2}}},"3":{"name":"sub","line":67,"loc":{"start":{"line":67,"column":2},"end":{"line":70,"column":2}}},"4":{"name":"add","line":75,"loc":{"start":{"line":75,"column":2},"end":{"line":79,"column":2}}},"5":{"name":"onlyOwnerOf","line":109,"loc":{"start":{"line":109,"column":2},"end":{"line":112,"column":2}}},"6":{"name":"totalSupply","line":118,"loc":{"start":{"line":118,"column":2},"end":{"line":120,"column":2}}},"7":{"name":"balanceOf","line":127,"loc":{"start":{"line":127,"column":2},"end":{"line":129,"column":2}}},"8":{"name":"tokensOf","line":136,"loc":{"start":{"line":136,"column":2},"end":{"line":138,"column":2}}},"9":{"name":"ownerOf","line":145,"loc":{"start":{"line":145,"column":2},"end":{"line":149,"column":2}}},"10":{"name":"approvedFor","line":156,"loc":{"start":{"line":156,"column":2},"end":{"line":158,"column":2}}},"11":{"name":"transfer","line":165,"loc":{"start":{"line":165,"column":2},"end":{"line":167,"column":2}}},"12":{"name":"approve","line":174,"loc":{"start":{"line":174,"column":2},"end":{"line":181,"column":2}}},"13":{"name":"takeOwnership","line":187,"loc":{"start":{"line":187,"column":2},"end":{"line":190,"column":2}}},"14":{"name":"_mint","line":197,"loc":{"start":{"line":197,"column":2},"end":{"line":201,"column":2}}},"15":{"name":"_burn","line":207,"loc":{"start":{"line":207,"column":2},"end":{"line":213,"column":2}}},"16":{"name":"isApprovedFor","line":222,"loc":{"start":{"line":222,"column":2},"end":{"line":224,"column":2}}},"17":{"name":"clearApprovalAndTransfer","line":232,"loc":{"start":{"line":232,"column":2},"end":{"line":241,"column":2}}},"18":{"name":"clearApproval","line":247,"loc":{"start":{"line":247,"column":2},"end":{"line":251,"column":2}}},"19":{"name":"addToken","line":258,"loc":{"start":{"line":258,"column":2},"end":{"line":265,"column":2}}},"20":{"name":"removeToken","line":272,"loc":{"start":{"line":272,"column":2},"end":{"line":290,"column":2}}},"21":{"name":"constructor","line":311,"loc":{"start":{"line":311,"column":2},"end":{"line":313,"column":2}}},"22":{"name":"onlyOwner","line":318,"loc":{"start":{"line":318,"column":2},"end":{"line":321,"column":2}}},"23":{"name":"transferOwnership","line":327,"loc":{"start":{"line":327,"column":2},"end":{"line":331,"column":2}}},"24":{"name":"uniqueURI","line":398,"loc":{"start":{"line":398,"column":4},"end":{"line":401,"column":4}}},"25":{"name":"notOwnerOf","line":407,"loc":{"start":{"line":407,"column":4},"end":{"line":410,"column":4}}},"26":{"name":"onlyCreator","line":415,"loc":{"start":{"line":415,"column":4},"end":{"line":418,"column":4}}},"27":{"name":"transfer","line":426,"loc":{"start":{"line":426,"column":4},"end":{"line":430,"column":4}}},"28":{"name":"addNewToken","line":436,"loc":{"start":{"line":436,"column":4},"end":{"line":439,"column":4}}},"29":{"name":"addNewTokenWithEditions","line":447,"loc":{"start":{"line":447,"column":4},"end":{"line":456,"column":4}}},"30":{"name":"bid","line":462,"loc":{"start":{"line":462,"column":4},"end":{"line":468,"column":4}}},"31":{"name":"acceptBid","line":474,"loc":{"start":{"line":474,"column":4},"end":{"line":484,"column":4}}},"32":{"name":"cancelBid","line":490,"loc":{"start":{"line":490,"column":4},"end":{"line":497,"column":4}}},"33":{"name":"buy","line":503,"loc":{"start":{"line":503,"column":4},"end":{"line":517,"column":4}}},"34":{"name":"setSalePrice","line":523,"loc":{"start":{"line":523,"column":4},"end":{"line":528,"column":4}}},"35":{"name":"whitelistCreator","line":534,"loc":{"start":{"line":534,"column":4},"end":{"line":537,"column":4}}},"36":{"name":"setMaintainerPercentage","line":543,"loc":{"start":{"line":543,"column":4},"end":{"line":545,"column":4}}},"37":{"name":"setCreatorPercentage","line":551,"loc":{"start":{"line":551,"column":4},"end":{"line":553,"column":4}}},"38":{"name":"name","line":558,"loc":{"start":{"line":558,"column":4},"end":{"line":560,"column":4}}},"39":{"name":"symbol","line":565,"loc":{"start":{"line":565,"column":4},"end":{"line":567,"column":4}}},"40":{"name":"approve","line":572,"loc":{"start":{"line":572,"column":4},"end":{"line":574,"column":4}}},"41":{"name":"isWhitelisted","line":581,"loc":{"start":{"line":581,"column":4},"end":{"line":583,"column":4}}},"42":{"name":"tokenURI","line":591,"loc":{"start":{"line":591,"column":4},"end":{"line":594,"column":4}}},"43":{"name":"originalTokenOfUri","line":603,"loc":{"start":{"line":603,"column":4},"end":{"line":607,"column":4}}},"44":{"name":"currentBidDetailsOfToken","line":614,"loc":{"start":{"line":614,"column":4},"end":{"line":616,"column":4}}},"45":{"name":"creatorOfToken","line":623,"loc":{"start":{"line":623,"column":4},"end":{"line":625,"column":4}}},"46":{"name":"salePriceOfToken","line":632,"loc":{"start":{"line":632,"column":4},"end":{"line":634,"column":4}}},"47":{"name":"returnCurrentBid","line":640,"loc":{"start":{"line":640,"column":4},"end":{"line":646,"column":4}}},"48":{"name":"isGreaterBid","line":652,"loc":{"start":{"line":652,"column":4},"end":{"line":654,"column":4}}},"49":{"name":"clearBid","line":660,"loc":{"start":{"line":660,"column":4},"end":{"line":663,"column":4}}},"50":{"name":"payout","line":672,"loc":{"start":{"line":672,"column":4},"end":{"line":690,"column":4}}},"51":{"name":"createToken","line":696,"loc":{"start":{"line":696,"column":4},"end":{"line":702,"column":4}}}},"statementMap":{"1":{"start":{"line":46,"column":4},"end":{"line":46,"column":1633}},"2":{"start":{"line":47,"column":6},"end":{"line":47,"column":14}},"3":{"start":{"line":49,"column":4},"end":{"line":49,"column":21}},"4":{"start":{"line":50,"column":4},"end":{"line":50,"column":21}},"5":{"start":{"line":51,"column":4},"end":{"line":51,"column":12}},"6":{"start":{"line":59,"column":4},"end":{"line":59,"column":21}},"7":{"start":{"line":61,"column":4},"end":{"line":61,"column":12}},"8":{"start":{"line":68,"column":4},"end":{"line":68,"column":17}},"9":{"start":{"line":69,"column":4},"end":{"line":69,"column":16}},"10":{"start":{"line":76,"column":4},"end":{"line":76,"column":21}},"11":{"start":{"line":77,"column":4},"end":{"line":77,"column":17}},"12":{"start":{"line":78,"column":4},"end":{"line":78,"column":12}},"13":{"start":{"line":110,"column":4},"end":{"line":110,"column":43}},"14":{"start":{"line":119,"column":4},"end":{"line":119,"column":22}},"15":{"start":{"line":128,"column":4},"end":{"line":128,"column":37}},"16":{"start":{"line":137,"column":4},"end":{"line":137,"column":30}},"17":{"start":{"line":146,"column":4},"end":{"line":146,"column":40}},"18":{"start":{"line":147,"column":4},"end":{"line":147,"column":31}},"19":{"start":{"line":148,"column":4},"end":{"line":148,"column":16}},"20":{"start":{"line":157,"column":4},"end":{"line":157,"column":35}},"21":{"start":{"line":166,"column":4},"end":{"line":166,"column":54}},"22":{"start":{"line":175,"column":4},"end":{"line":175,"column":37}},"23":{"start":{"line":176,"column":4},"end":{"line":176,"column":24}},"24":{"start":{"line":177,"column":4},"end":{"line":177,"column":5760}},"25":{"start":{"line":179,"column":6},"end":{"line":179,"column":41}},"26":{"start":{"line":188,"column":4},"end":{"line":188,"column":47}},"27":{"start":{"line":189,"column":4},"end":{"line":189,"column":68}},"28":{"start":{"line":198,"column":4},"end":{"line":198,"column":29}},"29":{"start":{"line":199,"column":4},"end":{"line":199,"column":26}},"30":{"start":{"line":200,"column":4},"end":{"line":200,"column":44}},"31":{"start":{"line":208,"column":4},"end":{"line":208,"column":6783}},"32":{"start":{"line":209,"column":6},"end":{"line":209,"column":40}},"33":{"start":{"line":211,"column":4},"end":{"line":211,"column":36}},"34":{"start":{"line":212,"column":4},"end":{"line":212,"column":45}},"35":{"start":{"line":223,"column":4},"end":{"line":223,"column":42}},"36":{"start":{"line":233,"column":4},"end":{"line":233,"column":29}},"37":{"start":{"line":234,"column":4},"end":{"line":234,"column":36}},"38":{"start":{"line":235,"column":4},"end":{"line":235,"column":38}},"39":{"start":{"line":237,"column":4},"end":{"line":237,"column":33}},"40":{"start":{"line":238,"column":4},"end":{"line":238,"column":31}},"41":{"start":{"line":239,"column":4},"end":{"line":239,"column":26}},"42":{"start":{"line":240,"column":4},"end":{"line":240,"column":39}},"43":{"start":{"line":248,"column":4},"end":{"line":248,"column":39}},"44":{"start":{"line":250,"column":4},"end":{"line":250,"column":47}},"45":{"start":{"line":259,"column":4},"end":{"line":259,"column":46}},"46":{"start":{"line":261,"column":4},"end":{"line":261,"column":35}},"47":{"start":{"line":262,"column":4},"end":{"line":262,"column":34}},"48":{"start":{"line":273,"column":4},"end":{"line":273,"column":38}},"49":{"start":{"line":275,"column":4},"end":{"line":275,"column":51}},"50":{"start":{"line":276,"column":4},"end":{"line":276,"column":52}},"51":{"start":{"line":277,"column":4},"end":{"line":277,"column":58}},"52":{"start":{"line":319,"column":4},"end":{"line":319,"column":31}},"53":{"start":{"line":328,"column":4},"end":{"line":328,"column":34}},"54":{"start":{"line":329,"column":4},"end":{"line":329,"column":40}},"55":{"start":{"line":399,"column":8},"end":{"line":399,"column":43}},"56":{"start":{"line":408,"column":8},"end":{"line":408,"column":47}},"57":{"start":{"line":416,"column":8},"end":{"line":416,"column":52}},"58":{"start":{"line":429,"column":8},"end":{"line":429,"column":58}},"59":{"start":{"line":437,"column":8},"end":{"line":437,"column":53}},"60":{"start":{"line":448,"column":6},"end":{"line":448,"column":56}},"61":{"start":{"line":451,"column":6},"end":{"line":451,"column":16039}},"62":{"start":{"line":452,"column":8},"end":{"line":452,"column":53}},"63":{"start":{"line":454,"column":8},"end":{"line":454,"column":38}},"64":{"start":{"line":463,"column":8},"end":{"line":463,"column":38}},"65":{"start":{"line":464,"column":8},"end":{"line":464,"column":33}},"66":{"start":{"line":467,"column":8},"end":{"line":467,"column":43}},"67":{"start":{"line":475,"column":8},"end":{"line":475,"column":54}},"68":{"start":{"line":476,"column":8},"end":{"line":476,"column":53}},"69":{"start":{"line":477,"column":8},"end":{"line":477,"column":46}},"70":{"start":{"line":478,"column":8},"end":{"line":478,"column":48}},"71":{"start":{"line":479,"column":8},"end":{"line":479,"column":68}},"72":{"start":{"line":480,"column":8},"end":{"line":480,"column":63}},"73":{"start":{"line":481,"column":8},"end":{"line":481,"column":25}},"74":{"start":{"line":482,"column":8},"end":{"line":482,"column":65}},"75":{"start":{"line":491,"column":8},"end":{"line":491,"column":46}},"76":{"start":{"line":492,"column":8},"end":{"line":492,"column":36}},"77":{"start":{"line":493,"column":8},"end":{"line":493,"column":53}},"78":{"start":{"line":494,"column":8},"end":{"line":494,"column":46}},"79":{"start":{"line":495,"column":8},"end":{"line":495,"column":25}},"80":{"start":{"line":496,"column":8},"end":{"line":496,"column":45}},"81":{"start":{"line":504,"column":8},"end":{"line":504,"column":52}},"82":{"start":{"line":505,"column":8},"end":{"line":505,"column":37}},"83":{"start":{"line":506,"column":8},"end":{"line":506,"column":34}},"84":{"start":{"line":507,"column":8},"end":{"line":507,"column":46}},"85":{"start":{"line":508,"column":8},"end":{"line":508,"column":48}},"86":{"start":{"line":509,"column":8},"end":{"line":509,"column":29}},"87":{"start":{"line":510,"column":8},"end":{"line":510,"column":38}},"88":{"start":{"line":511,"column":8},"end":{"line":511,"column":33}},"89":{"start":{"line":512,"column":8},"end":{"line":512,"column":25}},"90":{"start":{"line":513,"column":8},"end":{"line":513,"column":60}},"91":{"start":{"line":514,"column":8},"end":{"line":514,"column":62}},"92":{"start":{"line":516,"column":8},"end":{"line":516,"column":51}},"93":{"start":{"line":524,"column":8},"end":{"line":524,"column":54}},"94":{"start":{"line":525,"column":8},"end":{"line":525,"column":39}},"95":{"start":{"line":527,"column":8},"end":{"line":527,"column":41}},"96":{"start":{"line":536,"column":6},"end":{"line":536,"column":31}},"97":{"start":{"line":559,"column":8},"end":{"line":559,"column":25}},"98":{"start":{"line":566,"column":8},"end":{"line":566,"column":21}},"99":{"start":{"line":573,"column":8},"end":{"line":573,"column":15}},"100":{"start":{"line":582,"column":6},"end":{"line":582,"column":39}},"101":{"start":{"line":592,"column":8},"end":{"line":592,"column":24}},"102":{"start":{"line":593,"column":8},"end":{"line":593,"column":35}},"103":{"start":{"line":604,"column":8},"end":{"line":604,"column":48}},"104":{"start":{"line":605,"column":8},"end":{"line":605,"column":23}},"105":{"start":{"line":606,"column":8},"end":{"line":606,"column":22}},"106":{"start":{"line":615,"column":8},"end":{"line":615,"column":65}},"107":{"start":{"line":624,"column":8},"end":{"line":624,"column":37}},"108":{"start":{"line":633,"column":8},"end":{"line":633,"column":39}},"109":{"start":{"line":641,"column":8},"end":{"line":641,"column":54}},"110":{"start":{"line":642,"column":8},"end":{"line":642,"column":53}},"111":{"start":{"line":643,"column":8},"end":{"line":643,"column":23020}},"112":{"start":{"line":644,"column":12},"end":{"line":644,"column":54}},"113":{"start":{"line":653,"column":8},"end":{"line":653,"column":52}},"114":{"start":{"line":673,"column":8},"end":{"line":673,"column":33}},"115":{"start":{"line":674,"column":8},"end":{"line":674,"column":30}},"116":{"start":{"line":675,"column":8},"end":{"line":675,"column":28}},"117":{"start":{"line":676,"column":8},"end":{"line":676,"column":24233}},"118":{"start":{"line":686,"column":8},"end":{"line":686,"column":55}},"119":{"start":{"line":687,"column":8},"end":{"line":687,"column":49}},"120":{"start":{"line":688,"column":8},"end":{"line":688,"column":50}},"121":{"start":{"line":697,"column":6},"end":{"line":697,"column":39}},"122":{"start":{"line":698,"column":6},"end":{"line":698,"column":27}},"123":{"start":{"line":701,"column":6},"end":{"line":701,"column":18}}},"branchMap":{"1":{"line":46,"type":"if","locations":[{"start":{"line":46,"column":4},"end":{"line":46,"column":4}},{"start":{"line":46,"column":4},"end":{"line":46,"column":4}}]},"2":{"line":110,"type":"if","locations":[{"start":{"line":110,"column":4},"end":{"line":110,"column":4}},{"start":{"line":110,"column":4},"end":{"line":110,"column":4}}]},"3":{"line":147,"type":"if","locations":[{"start":{"line":147,"column":4},"end":{"line":147,"column":4}},{"start":{"line":147,"column":4},"end":{"line":147,"column":4}}]},"4":{"line":165,"type":"if","locations":[{"start":{"line":165,"column":75},"end":{"line":165,"column":75}},{"start":{"line":165,"column":75},"end":{"line":165,"column":75}}]},"5":{"line":174,"type":"if","locations":[{"start":{"line":174,"column":74},"end":{"line":174,"column":74}},{"start":{"line":174,"column":74},"end":{"line":174,"column":74}}]},"6":{"line":176,"type":"if","locations":[{"start":{"line":176,"column":4},"end":{"line":176,"column":4}},{"start":{"line":176,"column":4},"end":{"line":176,"column":4}}]},"7":{"line":177,"type":"if","locations":[{"start":{"line":177,"column":4},"end":{"line":177,"column":4}},{"start":{"line":177,"column":4},"end":{"line":177,"column":4}}]},"8":{"line":177,"type":"cond-expr","locations":[{"start":{"line":177,"column":8},"end":{"line":177,"column":42}},{"start":{"line":177,"column":47},"end":{"line":177,"column":63}}]},"9":{"line":188,"type":"if","locations":[{"start":{"line":188,"column":4},"end":{"line":188,"column":4}},{"start":{"line":188,"column":4},"end":{"line":188,"column":4}}]},"10":{"line":198,"type":"if","locations":[{"start":{"line":198,"column":4},"end":{"line":198,"column":4}},{"start":{"line":198,"column":4},"end":{"line":198,"column":4}}]},"11":{"line":207,"type":"if","locations":[{"start":{"line":207,"column":35},"end":{"line":207,"column":35}},{"start":{"line":207,"column":35},"end":{"line":207,"column":35}}]},"12":{"line":208,"type":"if","locations":[{"start":{"line":208,"column":4},"end":{"line":208,"column":4}},{"start":{"line":208,"column":4},"end":{"line":208,"column":4}}]},"13":{"line":233,"type":"if","locations":[{"start":{"line":233,"column":4},"end":{"line":233,"column":4}},{"start":{"line":233,"column":4},"end":{"line":233,"column":4}}]},"14":{"line":234,"type":"if","locations":[{"start":{"line":234,"column":4},"end":{"line":234,"column":4}},{"start":{"line":234,"column":4},"end":{"line":234,"column":4}}]},"15":{"line":235,"type":"if","locations":[{"start":{"line":235,"column":4},"end":{"line":235,"column":4}},{"start":{"line":235,"column":4},"end":{"line":235,"column":4}}]},"16":{"line":248,"type":"if","locations":[{"start":{"line":248,"column":4},"end":{"line":248,"column":4}},{"start":{"line":248,"column":4},"end":{"line":248,"column":4}}]},"17":{"line":259,"type":"if","locations":[{"start":{"line":259,"column":4},"end":{"line":259,"column":4}},{"start":{"line":259,"column":4},"end":{"line":259,"column":4}}]},"18":{"line":273,"type":"if","locations":[{"start":{"line":273,"column":4},"end":{"line":273,"column":4}},{"start":{"line":273,"column":4},"end":{"line":273,"column":4}}]},"19":{"line":319,"type":"if","locations":[{"start":{"line":319,"column":4},"end":{"line":319,"column":4}},{"start":{"line":319,"column":4},"end":{"line":319,"column":4}}]},"20":{"line":327,"type":"if","locations":[{"start":{"line":327,"column":54},"end":{"line":327,"column":54}},{"start":{"line":327,"column":54},"end":{"line":327,"column":54}}]},"21":{"line":328,"type":"if","locations":[{"start":{"line":328,"column":4},"end":{"line":328,"column":4}},{"start":{"line":328,"column":4},"end":{"line":328,"column":4}}]},"22":{"line":399,"type":"if","locations":[{"start":{"line":399,"column":8},"end":{"line":399,"column":8}},{"start":{"line":399,"column":8},"end":{"line":399,"column":8}}]},"23":{"line":408,"type":"if","locations":[{"start":{"line":408,"column":8},"end":{"line":408,"column":8}},{"start":{"line":408,"column":8},"end":{"line":408,"column":8}}]},"24":{"line":416,"type":"if","locations":[{"start":{"line":416,"column":8},"end":{"line":416,"column":8}},{"start":{"line":416,"column":8},"end":{"line":416,"column":8}}]},"25":{"line":426,"type":"if","locations":[{"start":{"line":426,"column":77},"end":{"line":426,"column":77}},{"start":{"line":426,"column":77},"end":{"line":426,"column":77}}]},"26":{"line":436,"type":"if","locations":[{"start":{"line":436,"column":52},"end":{"line":436,"column":52}},{"start":{"line":436,"column":52},"end":{"line":436,"column":52}}]},"27":{"line":436,"type":"if","locations":[{"start":{"line":436,"column":68},"end":{"line":436,"column":68}},{"start":{"line":436,"column":68},"end":{"line":436,"column":68}}]},"28":{"line":447,"type":"if","locations":[{"start":{"line":447,"column":103},"end":{"line":447,"column":103}},{"start":{"line":447,"column":103},"end":{"line":447,"column":103}}]},"29":{"line":447,"type":"if","locations":[{"start":{"line":447,"column":119},"end":{"line":447,"column":119}},{"start":{"line":447,"column":119},"end":{"line":447,"column":119}}]},"30":{"line":462,"type":"if","locations":[{"start":{"line":462,"column":50},"end":{"line":462,"column":50}},{"start":{"line":462,"column":50},"end":{"line":462,"column":50}}]},"31":{"line":463,"type":"if","locations":[{"start":{"line":463,"column":8},"end":{"line":463,"column":8}},{"start":{"line":463,"column":8},"end":{"line":463,"column":8}}]},"32":{"line":474,"type":"if","locations":[{"start":{"line":474,"column":48},"end":{"line":474,"column":48}},{"start":{"line":474,"column":48},"end":{"line":474,"column":48}}]},"33":{"line":492,"type":"if","locations":[{"start":{"line":492,"column":8},"end":{"line":492,"column":8}},{"start":{"line":492,"column":8},"end":{"line":492,"column":8}}]},"34":{"line":503,"type":"if","locations":[{"start":{"line":503,"column":50},"end":{"line":503,"column":50}},{"start":{"line":503,"column":50},"end":{"line":503,"column":50}}]},"35":{"line":509,"type":"if","locations":[{"start":{"line":509,"column":8},"end":{"line":509,"column":8}},{"start":{"line":509,"column":8},"end":{"line":509,"column":8}}]},"36":{"line":510,"type":"if","locations":[{"start":{"line":510,"column":8},"end":{"line":510,"column":8}},{"start":{"line":510,"column":8},"end":{"line":510,"column":8}}]},"37":{"line":523,"type":"if","locations":[{"start":{"line":523,"column":71},"end":{"line":523,"column":71}},{"start":{"line":523,"column":71},"end":{"line":523,"column":71}}]},"38":{"line":525,"type":"if","locations":[{"start":{"line":525,"column":8},"end":{"line":525,"column":8}},{"start":{"line":525,"column":8},"end":{"line":525,"column":8}}]},"39":{"line":534,"type":"if","locations":[{"start":{"line":534,"column":55},"end":{"line":534,"column":55}},{"start":{"line":534,"column":55},"end":{"line":534,"column":55}}]},"40":{"line":543,"type":"if","locations":[{"start":{"line":543,"column":65},"end":{"line":543,"column":65}},{"start":{"line":543,"column":65},"end":{"line":543,"column":65}}]},"41":{"line":551,"type":"if","locations":[{"start":{"line":551,"column":62},"end":{"line":551,"column":62}},{"start":{"line":551,"column":62},"end":{"line":551,"column":62}}]},"42":{"line":643,"type":"if","locations":[{"start":{"line":643,"column":8},"end":{"line":643,"column":8}},{"start":{"line":643,"column":8},"end":{"line":643,"column":8}}]},"43":{"line":676,"type":"if","locations":[{"start":{"line":676,"column":8},"end":{"line":676,"column":8}},{"start":{"line":676,"column":8},"end":{"line":676,"column":8}}]}}},"contracts/SupeRareV2.sol":{"l":{"25":15,"26":15,"31":49,"32":48,"41":48,"42":47,"43":46,"44":46,"45":46,"55":21,"56":21,"57":21,"69":23,"71":22,"72":22,"74":22,"78":22,"79":22,"85":3,"90":4,"91":4,"96":0},"path":"/Users/snallani/Documents/Documents/Projects/Hardhat/LuckyProjs/SuperRare/contracts/SupeRareV2.sol","s":{"1":49,"2":48,"3":47,"4":46,"5":46,"6":46,"7":21,"8":21,"9":21,"10":23,"11":22,"12":22,"13":22,"14":22,"15":22,"16":3,"17":4,"18":0},"b":{"1":[48,1],"2":[48,1],"3":[47,1],"4":[46,1],"5":[21,0],"6":[22,1],"7":[22,0],"8":[22,0],"9":[22,0],"10":[4,1]},"f":{"1":15,"2":49,"3":48,"4":21,"5":23,"6":3,"7":4,"8":0},"fnMap":{"1":{"name":"constructor","line":24,"loc":{"start":{"line":24,"column":4},"end":{"line":26,"column":49}}},"2":{"name":"StopDeposits","line":30,"loc":{"start":{"line":30,"column":4},"end":{"line":33,"column":4}}},"3":{"name":"deposit_V1","line":40,"loc":{"start":{"line":40,"column":4},"end":{"line":46,"column":4}}},"4":{"name":"Withdraw_V1","line":54,"loc":{"start":{"line":54,"column":4},"end":{"line":58,"column":4}}},"5":{"name":"safeTransferToEschrow","line":68,"loc":{"start":{"line":68,"column":4},"end":{"line":81,"column":4}}},"6":{"name":"contract_status","line":84,"loc":{"start":{"line":84,"column":4},"end":{"line":86,"column":4}}},"7":{"name":"ToggleContract","line":89,"loc":{"start":{"line":89,"column":4},"end":{"line":92,"column":4}}},"8":{"name":"getSupeRareAddress","line":95,"loc":{"start":{"line":95,"column":4},"end":{"line":97,"column":4}}}},"statementMap":{"1":{"start":{"line":31,"column":8},"end":{"line":31,"column":45}},"2":{"start":{"line":41,"column":8},"end":{"line":41,"column":108}},"3":{"start":{"line":42,"column":8},"end":{"line":42,"column":94}},"4":{"start":{"line":43,"column":8},"end":{"line":43,"column":36}},"5":{"start":{"line":44,"column":9},"end":{"line":44,"column":57}},"6":{"start":{"line":45,"column":8},"end":{"line":45,"column":38}},"7":{"start":{"line":55,"column":8},"end":{"line":55,"column":108}},"8":{"start":{"line":56,"column":8},"end":{"line":56,"column":23}},"9":{"start":{"line":57,"column":8},"end":{"line":57,"column":38}},"10":{"start":{"line":69,"column":8},"end":{"line":69,"column":80}},"11":{"start":{"line":71,"column":10},"end":{"line":71,"column":53}},"12":{"start":{"line":72,"column":8},"end":{"line":72,"column":68}},"13":{"start":{"line":74,"column":8},"end":{"line":74,"column":3252}},"14":{"start":{"line":78,"column":8},"end":{"line":78,"column":28}},"15":{"start":{"line":79,"column":8},"end":{"line":79,"column":46}},"16":{"start":{"line":85,"column":8},"end":{"line":85,"column":23}},"17":{"start":{"line":91,"column":8},"end":{"line":91,"column":38}},"18":{"start":{"line":96,"column":8},"end":{"line":96,"column":36}}},"branchMap":{"1":{"line":31,"type":"if","locations":[{"start":{"line":31,"column":8},"end":{"line":31,"column":8}},{"start":{"line":31,"column":8},"end":{"line":31,"column":8}}]},"2":{"line":40,"type":"if","locations":[{"start":{"line":40,"column":69},"end":{"line":40,"column":69}},{"start":{"line":40,"column":69},"end":{"line":40,"column":69}}]},"3":{"line":41,"type":"if","locations":[{"start":{"line":41,"column":8},"end":{"line":41,"column":8}},{"start":{"line":41,"column":8},"end":{"line":41,"column":8}}]},"4":{"line":42,"type":"if","locations":[{"start":{"line":42,"column":8},"end":{"line":42,"column":8}},{"start":{"line":42,"column":8},"end":{"line":42,"column":8}}]},"5":{"line":55,"type":"if","locations":[{"start":{"line":55,"column":8},"end":{"line":55,"column":8}},{"start":{"line":55,"column":8},"end":{"line":55,"column":8}}]},"6":{"line":69,"type":"if","locations":[{"start":{"line":69,"column":8},"end":{"line":69,"column":8}},{"start":{"line":69,"column":8},"end":{"line":69,"column":8}}]},"7":{"line":72,"type":"if","locations":[{"start":{"line":72,"column":8},"end":{"line":72,"column":8}},{"start":{"line":72,"column":8},"end":{"line":72,"column":8}}]},"8":{"line":74,"type":"if","locations":[{"start":{"line":74,"column":8},"end":{"line":74,"column":8}},{"start":{"line":74,"column":8},"end":{"line":74,"column":8}}]},"9":{"line":74,"type":"cond-expr","locations":[{"start":{"line":74,"column":16},"end":{"line":74,"column":40}},{"start":{"line":74,"column":45},"end":{"line":74,"column":92}}]},"10":{"line":89,"type":"if","locations":[{"start":{"line":89,"column":30},"end":{"line":89,"column":30}},{"start":{"line":89,"column":30},"end":{"line":89,"column":30}}]}}}}