{"contracts/DepositAndWithdraw.sol":{"l":{"24":3,"25":3,"26":3,"32":1,"33":1,"34":1,"35":1,"36":1,"46":2,"47":2,"48":2,"49":2,"60":1,"61":1,"62":1,"63":1,"64":1,"72":1,"73":1,"81":6,"82":6,"90":0,"95":0,"100":3,"106":3,"113":3,"120":0,"125":6},"path":"/Users/snallani/Documents/Documents/Projects/Hardhat/ETH_DAI_Swap/contracts/DepositAndWithdraw.sol","s":{"1":1,"2":1,"3":1,"4":1,"5":1,"6":2,"7":2,"8":2,"9":1,"10":1,"11":1,"12":1,"13":1,"14":1,"15":1,"16":6,"17":0,"18":0,"19":3,"20":3,"21":3,"22":0,"23":6},"b":{"1":[1,0],"2":[1,0],"3":[6,0],"4":[3,0],"5":[3,0]},"f":{"1":3,"2":1,"3":2,"4":1,"5":1,"6":6,"7":0,"8":0,"9":3,"10":3,"11":3,"12":0,"13":6},"fnMap":{"1":{"name":"constructor","line":23,"loc":{"start":{"line":23,"column":0},"end":{"line":27,"column":0}}},"2":{"name":"deposit","line":31,"loc":{"start":{"line":31,"column":0},"end":{"line":39,"column":0}}},"3":{"name":"deposit_HoldWETH","line":45,"loc":{"start":{"line":45,"column":0},"end":{"line":54,"column":0}}},"4":{"name":"withdraw","line":59,"loc":{"start":{"line":59,"column":4},"end":{"line":66,"column":4}}},"5":{"name":"safeTransferETH","line":71,"loc":{"start":{"line":71,"column":4},"end":{"line":74,"column":4}}},"6":{"name":"onlyOwner","line":80,"loc":{"start":{"line":80,"column":4},"end":{"line":83,"column":4}}},"7":{"name":"getWETHAddr","line":89,"loc":{"start":{"line":89,"column":4},"end":{"line":91,"column":4}}},"8":{"name":"getOwner","line":94,"loc":{"start":{"line":94,"column":4},"end":{"line":96,"column":4}}},"9":{"name":"getContractBalance","line":99,"loc":{"start":{"line":99,"column":4},"end":{"line":101,"column":4}}},"10":{"name":"getContractWETHBalance","line":105,"loc":{"start":{"line":105,"column":4},"end":{"line":107,"column":4}}},"11":{"name":"getWETHBalance","line":112,"loc":{"start":{"line":112,"column":4},"end":{"line":114,"column":4}}},"12":{"name":"getETHBalance","line":119,"loc":{"start":{"line":119,"column":4},"end":{"line":121,"column":4}}},"13":{"name":"_wethBal","line":124,"loc":{"start":{"line":124,"column":2},"end":{"line":126,"column":2}}}},"statementMap":{"1":{"start":{"line":32,"column":4},"end":{"line":32,"column":81}},"2":{"start":{"line":33,"column":4},"end":{"line":33,"column":27}},"3":{"start":{"line":34,"column":4},"end":{"line":34,"column":35}},"4":{"start":{"line":35,"column":4},"end":{"line":35,"column":35}},"5":{"start":{"line":36,"column":4},"end":{"line":36,"column":35}},"6":{"start":{"line":46,"column":4},"end":{"line":46,"column":71}},"7":{"start":{"line":47,"column":4},"end":{"line":47,"column":35}},"8":{"start":{"line":49,"column":4},"end":{"line":49,"column":36}},"9":{"start":{"line":60,"column":8},"end":{"line":60,"column":53}},"10":{"start":{"line":61,"column":8},"end":{"line":61,"column":62}},"11":{"start":{"line":62,"column":9},"end":{"line":62,"column":72}},"12":{"start":{"line":63,"column":12},"end":{"line":63,"column":39}},"13":{"start":{"line":64,"column":12},"end":{"line":64,"column":69}},"14":{"start":{"line":72,"column":8},"end":{"line":72,"column":62}},"15":{"start":{"line":73,"column":8},"end":{"line":73,"column":79}},"16":{"start":{"line":81,"column":8},"end":{"line":81,"column":63}},"17":{"start":{"line":90,"column":8},"end":{"line":90,"column":24}},"18":{"start":{"line":95,"column":8},"end":{"line":95,"column":21}},"19":{"start":{"line":100,"column":8},"end":{"line":100,"column":36}},"20":{"start":{"line":106,"column":8},"end":{"line":106,"column":38}},"21":{"start":{"line":113,"column":8},"end":{"line":113,"column":32}},"22":{"start":{"line":120,"column":8},"end":{"line":120,"column":30}},"23":{"start":{"line":125,"column":4},"end":{"line":125,"column":34}}},"branchMap":{"1":{"line":62,"type":"if","locations":[{"start":{"line":62,"column":9},"end":{"line":62,"column":9}},{"start":{"line":62,"column":9},"end":{"line":62,"column":9}}]},"2":{"line":73,"type":"if","locations":[{"start":{"line":73,"column":8},"end":{"line":73,"column":8}},{"start":{"line":73,"column":8},"end":{"line":73,"column":8}}]},"3":{"line":81,"type":"if","locations":[{"start":{"line":81,"column":8},"end":{"line":81,"column":8}},{"start":{"line":81,"column":8},"end":{"line":81,"column":8}}]},"4":{"line":99,"type":"if","locations":[{"start":{"line":99,"column":48},"end":{"line":99,"column":48}},{"start":{"line":99,"column":48},"end":{"line":99,"column":48}}]},"5":{"line":105,"type":"if","locations":[{"start":{"line":105,"column":52},"end":{"line":105,"column":52}},{"start":{"line":105,"column":52},"end":{"line":105,"column":52}}]}}},"contracts/FusionToken.sol":{"l":{"22":3,"23":3,"27":14,"28":12,"33":1,"37":1,"44":16,"49":1,"54":1,"60":1,"71":8,"79":11,"80":11,"87":11,"88":11,"89":11,"97":1,"98":1,"105":1,"106":1,"107":1,"108":1,"122":4,"123":4,"124":4,"125":4,"136":2,"137":2,"138":2,"151":6,"152":6,"153":6,"154":6,"155":6,"168":4,"169":4,"181":8,"182":8,"183":8,"184":8},"path":"/Users/snallani/Documents/Documents/Projects/Hardhat/ETH_DAI_Swap/contracts/FusionToken.sol","s":{"1":3,"2":14,"3":1,"4":1,"5":16,"6":1,"7":1,"8":1,"9":8,"10":11,"11":11,"12":11,"13":1,"14":1,"15":1,"16":1,"17":4,"18":4,"19":4,"20":4,"21":2,"22":2,"23":2,"24":6,"25":6,"26":6,"27":4,"28":4,"29":8,"30":8,"31":8},"b":{"1":[3,0],"2":[12,2],"3":[11,1],"4":[1,1],"5":[1,0],"6":[4,0],"7":[6,0],"8":[6,0],"9":[8,0],"10":[8,0]},"f":{"1":3,"2":14,"3":1,"4":1,"5":16,"6":1,"7":1,"8":1,"9":8,"10":11,"11":11,"12":1,"13":1,"14":4,"15":2,"16":6,"17":4,"18":8},"fnMap":{"1":{"name":"constructor","line":20,"loc":{"start":{"line":20,"column":4},"end":{"line":24,"column":4}}},"2":{"name":"onlyOwner","line":26,"loc":{"start":{"line":26,"column":4},"end":{"line":29,"column":4}}},"3":{"name":"totalSupply","line":32,"loc":{"start":{"line":32,"column":8},"end":{"line":34,"column":8}}},"4":{"name":"decimal","line":36,"loc":{"start":{"line":36,"column":4},"end":{"line":38,"column":4}}},"5":{"name":"balanceOf","line":43,"loc":{"start":{"line":43,"column":4},"end":{"line":45,"column":4}}},"6":{"name":"name","line":48,"loc":{"start":{"line":48,"column":4},"end":{"line":50,"column":4}}},"7":{"name":"symbol","line":53,"loc":{"start":{"line":53,"column":4},"end":{"line":55,"column":4}}},"8":{"name":"owner","line":59,"loc":{"start":{"line":59,"column":4},"end":{"line":61,"column":4}}},"9":{"name":"allowance","line":67,"loc":{"start":{"line":67,"column":4},"end":{"line":72,"column":4}}},"10":{"name":"mint","line":78,"loc":{"start":{"line":78,"column":4},"end":{"line":81,"column":4}}},"11":{"name":"_mint","line":85,"loc":{"start":{"line":85,"column":4},"end":{"line":90,"column":4}}},"12":{"name":"burn","line":96,"loc":{"start":{"line":96,"column":4},"end":{"line":99,"column":4}}},"13":{"name":"_burn","line":104,"loc":{"start":{"line":104,"column":4},"end":{"line":110,"column":4}}},"14":{"name":"transferFrom","line":117,"loc":{"start":{"line":117,"column":4},"end":{"line":126,"column":4}}},"15":{"name":"transfer","line":132,"loc":{"start":{"line":132,"column":4},"end":{"line":139,"column":4}}},"16":{"name":"_transfer","line":146,"loc":{"start":{"line":146,"column":4},"end":{"line":156,"column":9}}},"17":{"name":"approve","line":164,"loc":{"start":{"line":164,"column":4},"end":{"line":170,"column":4}}},"18":{"name":"_approve","line":176,"loc":{"start":{"line":176,"column":6},"end":{"line":185,"column":4}}}},"statementMap":{"1":{"start":{"line":22,"column":8},"end":{"line":22,"column":54}},"2":{"start":{"line":27,"column":8},"end":{"line":27,"column":62}},"3":{"start":{"line":33,"column":12},"end":{"line":33,"column":31}},"4":{"start":{"line":37,"column":8},"end":{"line":37,"column":23}},"5":{"start":{"line":44,"column":8},"end":{"line":44,"column":32}},"6":{"start":{"line":49,"column":8},"end":{"line":49,"column":20}},"7":{"start":{"line":54,"column":8},"end":{"line":54,"column":22}},"8":{"start":{"line":60,"column":8},"end":{"line":60,"column":21}},"9":{"start":{"line":71,"column":8},"end":{"line":71,"column":43}},"10":{"start":{"line":79,"column":8},"end":{"line":79,"column":28}},"11":{"start":{"line":80,"column":8},"end":{"line":80,"column":19}},"12":{"start":{"line":89,"column":8},"end":{"line":89,"column":49}},"13":{"start":{"line":97,"column":8},"end":{"line":97,"column":29}},"14":{"start":{"line":98,"column":8},"end":{"line":98,"column":19}},"15":{"start":{"line":105,"column":8},"end":{"line":105,"column":74}},"16":{"start":{"line":108,"column":8},"end":{"line":108,"column":52}},"17":{"start":{"line":122,"column":8},"end":{"line":122,"column":76}},"18":{"start":{"line":123,"column":8},"end":{"line":123,"column":32}},"19":{"start":{"line":124,"column":8},"end":{"line":124,"column":73}},"20":{"start":{"line":125,"column":8},"end":{"line":125,"column":19}},"21":{"start":{"line":136,"column":8},"end":{"line":136,"column":52}},"22":{"start":{"line":137,"column":8},"end":{"line":137,"column":45}},"23":{"start":{"line":138,"column":8},"end":{"line":138,"column":19}},"24":{"start":{"line":151,"column":8},"end":{"line":151,"column":70}},"25":{"start":{"line":152,"column":8},"end":{"line":152,"column":59}},"26":{"start":{"line":155,"column":8},"end":{"line":155,"column":46}},"27":{"start":{"line":168,"column":8},"end":{"line":168,"column":44}},"28":{"start":{"line":169,"column":8},"end":{"line":169,"column":19}},"29":{"start":{"line":181,"column":8},"end":{"line":181,"column":61}},"30":{"start":{"line":182,"column":8},"end":{"line":182,"column":63}},"31":{"start":{"line":184,"column":8},"end":{"line":184,"column":45}}},"branchMap":{"1":{"line":22,"type":"if","locations":[{"start":{"line":22,"column":8},"end":{"line":22,"column":8}},{"start":{"line":22,"column":8},"end":{"line":22,"column":8}}]},"2":{"line":27,"type":"if","locations":[{"start":{"line":27,"column":8},"end":{"line":27,"column":8}},{"start":{"line":27,"column":8},"end":{"line":27,"column":8}}]},"3":{"line":78,"type":"if","locations":[{"start":{"line":78,"column":65},"end":{"line":78,"column":65}},{"start":{"line":78,"column":65},"end":{"line":78,"column":65}}]},"4":{"line":96,"type":"if","locations":[{"start":{"line":96,"column":66},"end":{"line":96,"column":66}},{"start":{"line":96,"column":66},"end":{"line":96,"column":66}}]},"5":{"line":105,"type":"if","locations":[{"start":{"line":105,"column":8},"end":{"line":105,"column":8}},{"start":{"line":105,"column":8},"end":{"line":105,"column":8}}]},"6":{"line":122,"type":"if","locations":[{"start":{"line":122,"column":8},"end":{"line":122,"column":8}},{"start":{"line":122,"column":8},"end":{"line":122,"column":8}}]},"7":{"line":151,"type":"if","locations":[{"start":{"line":151,"column":8},"end":{"line":151,"column":8}},{"start":{"line":151,"column":8},"end":{"line":151,"column":8}}]},"8":{"line":152,"type":"if","locations":[{"start":{"line":152,"column":8},"end":{"line":152,"column":8}},{"start":{"line":152,"column":8},"end":{"line":152,"column":8}}]},"9":{"line":181,"type":"if","locations":[{"start":{"line":181,"column":8},"end":{"line":181,"column":8}},{"start":{"line":181,"column":8},"end":{"line":181,"column":8}}]},"10":{"line":182,"type":"if","locations":[{"start":{"line":182,"column":8},"end":{"line":182,"column":8}},{"start":{"line":182,"column":8},"end":{"line":182,"column":8}}]}}},"contracts/IERC20.sol":{"l":{},"path":"/Users/snallani/Documents/Documents/Projects/Hardhat/ETH_DAI_Swap/contracts/IERC20.sol","s":{},"b":{},"f":{},"fnMap":{},"statementMap":{},"branchMap":{}},"contracts/IWETH.sol":{"l":{},"path":"/Users/snallani/Documents/Documents/Projects/Hardhat/ETH_DAI_Swap/contracts/IWETH.sol","s":{},"b":{},"f":{},"fnMap":{},"statementMap":{},"branchMap":{}},"contracts/SwapContract.sol":{"l":{"37":3,"38":3,"39":3,"40":3,"41":3,"42":3,"54":2,"55":2,"56":2,"57":2,"58":2,"62":2,"63":2,"64":2,"65":2,"66":2,"67":2,"75":2,"76":2,"79":2,"81":2,"82":2,"83":2,"84":2,"85":2,"86":2,"87":2,"104":4,"116":4,"126":0,"131":7,"132":7,"139":6,"140":4,"149":7,"150":7,"158":2,"159":2,"160":2,"161":2,"162":2,"172":2,"173":2,"174":2,"179":0,"184":0,"199":4,"200":4,"205":0,"208":0,"215":0,"221":0,"228":0,"235":0},"path":"/Users/snallani/Documents/Documents/Projects/Hardhat/ETH_DAI_Swap/contracts/SwapContract.sol","s":{"1":2,"2":2,"3":2,"4":2,"5":2,"6":2,"7":2,"8":2,"9":2,"10":2,"11":2,"12":2,"13":2,"14":2,"15":2,"16":2,"17":2,"18":2,"19":2,"20":4,"21":0,"22":7,"23":6,"24":7,"25":2,"26":2,"27":2,"28":2,"29":2,"30":2,"31":2,"32":2,"33":0,"34":0,"35":4,"36":4,"37":0,"38":0,"39":0,"40":0,"41":0,"42":0},"b":{"1":[2,2],"2":[2,0],"3":[7,0],"4":[4,2],"5":[7,0],"6":[2,0],"7":[2,0],"8":[0,0],"9":[0,0]},"f":{"1":3,"2":2,"3":2,"4":4,"5":0,"6":7,"7":6,"8":7,"9":2,"10":2,"11":0,"12":0,"13":4,"14":0,"15":0,"16":0,"17":0,"18":0,"19":0},"fnMap":{"1":{"name":"constructor","line":33,"loc":{"start":{"line":33,"column":4},"end":{"line":43,"column":4}}},"2":{"name":"SwapSomeETH_DAI","line":53,"loc":{"start":{"line":53,"column":4},"end":{"line":68,"column":4}}},"3":{"name":"SwapAllETH_DAI","line":74,"loc":{"start":{"line":74,"column":4},"end":{"line":88,"column":4}}},"4":{"name":"_swap","line":98,"loc":{"start":{"line":98,"column":4},"end":{"line":118,"column":4}}},"5":{"name":"owner","line":125,"loc":{"start":{"line":125,"column":4},"end":{"line":127,"column":4}}},"6":{"name":"onlyOwner","line":130,"loc":{"start":{"line":130,"column":4},"end":{"line":133,"column":4}}},"7":{"name":"StopDeposits","line":138,"loc":{"start":{"line":138,"column":4},"end":{"line":141,"column":4}}},"8":{"name":"ToggleContract","line":148,"loc":{"start":{"line":148,"column":4},"end":{"line":151,"column":4}}},"9":{"name":"_refund","line":157,"loc":{"start":{"line":157,"column":4},"end":{"line":165,"column":4}}},"10":{"name":"_sendETH","line":171,"loc":{"start":{"line":171,"column":4},"end":{"line":175,"column":4}}},"11":{"name":"getDAIAddr","line":178,"loc":{"start":{"line":178,"column":4},"end":{"line":180,"column":4}}},"12":{"name":"getWETHAddr","line":183,"loc":{"start":{"line":183,"column":4},"end":{"line":185,"column":4}}},"13":{"name":"_deposit","line":198,"loc":{"start":{"line":198,"column":0},"end":{"line":202,"column":0}}},"14":{"name":"_wethBal","line":204,"loc":{"start":{"line":204,"column":2},"end":{"line":206,"column":2}}},"15":{"name":"_daiBal","line":207,"loc":{"start":{"line":207,"column":2},"end":{"line":209,"column":2}}},"16":{"name":"getContractBalance","line":214,"loc":{"start":{"line":214,"column":4},"end":{"line":216,"column":4}}},"17":{"name":"getContractWETHBalance","line":220,"loc":{"start":{"line":220,"column":4},"end":{"line":222,"column":4}}},"18":{"name":"getWETHBalance","line":227,"loc":{"start":{"line":227,"column":4},"end":{"line":229,"column":4}}},"19":{"name":"getDAIBalance","line":234,"loc":{"start":{"line":234,"column":4},"end":{"line":236,"column":4}}}},"statementMap":{"1":{"start":{"line":54,"column":8},"end":{"line":54,"column":45}},"2":{"start":{"line":55,"column":8},"end":{"line":55,"column":49}},"3":{"start":{"line":56,"column":8},"end":{"line":56,"column":50}},"4":{"start":{"line":57,"column":8},"end":{"line":57,"column":28}},"5":{"start":{"line":58,"column":8},"end":{"line":58,"column":74}},"6":{"start":{"line":62,"column":8},"end":{"line":62,"column":54}},"7":{"start":{"line":63,"column":8},"end":{"line":63,"column":83}},"8":{"start":{"line":64,"column":8},"end":{"line":64,"column":76}},"9":{"start":{"line":66,"column":8},"end":{"line":66,"column":82}},"10":{"start":{"line":67,"column":8},"end":{"line":67,"column":37}},"11":{"start":{"line":75,"column":8},"end":{"line":75,"column":45}},"12":{"start":{"line":76,"column":8},"end":{"line":76,"column":26}},"13":{"start":{"line":79,"column":8},"end":{"line":79,"column":37}},"14":{"start":{"line":81,"column":8},"end":{"line":81,"column":65}},"15":{"start":{"line":82,"column":8},"end":{"line":82,"column":55}},"16":{"start":{"line":83,"column":8},"end":{"line":83,"column":83}},"17":{"start":{"line":84,"column":8},"end":{"line":84,"column":76}},"18":{"start":{"line":86,"column":8},"end":{"line":86,"column":43}},"19":{"start":{"line":87,"column":8},"end":{"line":87,"column":37}},"20":{"start":{"line":104,"column":8},"end":{"line":104,"column":4215}},"21":{"start":{"line":126,"column":8},"end":{"line":126,"column":21}},"22":{"start":{"line":131,"column":8},"end":{"line":131,"column":53}},"23":{"start":{"line":139,"column":8},"end":{"line":139,"column":45}},"24":{"start":{"line":150,"column":8},"end":{"line":150,"column":38}},"25":{"start":{"line":158,"column":8},"end":{"line":158,"column":5895}},"26":{"start":{"line":159,"column":12},"end":{"line":159,"column":63}},"27":{"start":{"line":160,"column":12},"end":{"line":160,"column":73}},"28":{"start":{"line":161,"column":12},"end":{"line":161,"column":43}},"29":{"start":{"line":162,"column":12},"end":{"line":162,"column":47}},"30":{"start":{"line":172,"column":8},"end":{"line":172,"column":103}},"31":{"start":{"line":173,"column":8},"end":{"line":173,"column":67}},"32":{"start":{"line":174,"column":8},"end":{"line":174,"column":40}},"33":{"start":{"line":179,"column":8},"end":{"line":179,"column":23}},"34":{"start":{"line":184,"column":8},"end":{"line":184,"column":24}},"35":{"start":{"line":199,"column":4},"end":{"line":199,"column":59}},"36":{"start":{"line":200,"column":4},"end":{"line":200,"column":38}},"37":{"start":{"line":205,"column":4},"end":{"line":205,"column":34}},"38":{"start":{"line":208,"column":4},"end":{"line":208,"column":33}},"39":{"start":{"line":215,"column":8},"end":{"line":215,"column":36}},"40":{"start":{"line":221,"column":8},"end":{"line":221,"column":38}},"41":{"start":{"line":228,"column":8},"end":{"line":228,"column":32}},"42":{"start":{"line":235,"column":8},"end":{"line":235,"column":31}}},"branchMap":{"1":{"line":53,"type":"if","locations":[{"start":{"line":53,"column":64},"end":{"line":53,"column":64}},{"start":{"line":53,"column":64},"end":{"line":53,"column":64}}]},"2":{"line":74,"type":"if","locations":[{"start":{"line":74,"column":47},"end":{"line":74,"column":47}},{"start":{"line":74,"column":47},"end":{"line":74,"column":47}}]},"3":{"line":131,"type":"if","locations":[{"start":{"line":131,"column":8},"end":{"line":131,"column":8}},{"start":{"line":131,"column":8},"end":{"line":131,"column":8}}]},"4":{"line":139,"type":"if","locations":[{"start":{"line":139,"column":8},"end":{"line":139,"column":8}},{"start":{"line":139,"column":8},"end":{"line":139,"column":8}}]},"5":{"line":148,"type":"if","locations":[{"start":{"line":148,"column":30},"end":{"line":148,"column":30}},{"start":{"line":148,"column":30},"end":{"line":148,"column":30}}]},"6":{"line":158,"type":"if","locations":[{"start":{"line":158,"column":8},"end":{"line":158,"column":8}},{"start":{"line":158,"column":8},"end":{"line":158,"column":8}}]},"7":{"line":174,"type":"if","locations":[{"start":{"line":174,"column":8},"end":{"line":174,"column":8}},{"start":{"line":174,"column":8},"end":{"line":174,"column":8}}]},"8":{"line":214,"type":"if","locations":[{"start":{"line":214,"column":48},"end":{"line":214,"column":48}},{"start":{"line":214,"column":48},"end":{"line":214,"column":48}}]},"9":{"line":220,"type":"if","locations":[{"start":{"line":220,"column":52},"end":{"line":220,"column":52}},{"start":{"line":220,"column":52},"end":{"line":220,"column":52}}]}}},"contracts/WETH.sol":{"l":{"23":3,"24":3,"28":0,"29":0,"34":0,"38":1,"45":7,"50":1,"55":1,"61":1,"72":0,"87":0,"88":0,"89":0,"90":0,"101":0,"102":0,"116":0,"117":0,"118":0,"119":0,"120":0,"133":0,"134":0,"146":0,"147":0,"148":0,"149":0,"155":3,"156":3,"157":3,"165":3,"166":1,"167":1,"168":1,"170":1,"178":1,"179":1},"path":"/Users/snallani/Documents/Documents/Projects/Hardhat/ETH_DAI_Swap/contracts/WETH.sol","s":{"1":3,"2":0,"3":0,"4":1,"5":7,"6":1,"7":1,"8":1,"9":0,"10":0,"11":0,"12":0,"13":0,"14":0,"15":0,"16":0,"17":0,"18":0,"19":0,"20":0,"21":0,"22":0,"23":0,"24":3,"25":3,"26":3,"27":1,"28":1,"29":1,"30":1,"31":1},"b":{"1":[3,0],"2":[0,0],"3":[0,0],"4":[0,0],"5":[0,0],"6":[0,0],"7":[0,0],"8":[1,2],"9":[1,0]},"f":{"1":3,"2":0,"3":0,"4":1,"5":7,"6":1,"7":1,"8":1,"9":0,"10":0,"11":0,"12":0,"13":0,"14":0,"15":3,"16":3,"17":1},"fnMap":{"1":{"name":"constructor","line":21,"loc":{"start":{"line":21,"column":4},"end":{"line":25,"column":4}}},"2":{"name":"onlyOwner","line":27,"loc":{"start":{"line":27,"column":4},"end":{"line":30,"column":4}}},"3":{"name":"totalSupply","line":33,"loc":{"start":{"line":33,"column":8},"end":{"line":35,"column":8}}},"4":{"name":"decimal","line":37,"loc":{"start":{"line":37,"column":4},"end":{"line":39,"column":4}}},"5":{"name":"balanceOf","line":44,"loc":{"start":{"line":44,"column":4},"end":{"line":46,"column":4}}},"6":{"name":"name","line":49,"loc":{"start":{"line":49,"column":4},"end":{"line":51,"column":4}}},"7":{"name":"symbol","line":54,"loc":{"start":{"line":54,"column":4},"end":{"line":56,"column":4}}},"8":{"name":"owner","line":60,"loc":{"start":{"line":60,"column":4},"end":{"line":62,"column":4}}},"9":{"name":"allowance","line":68,"loc":{"start":{"line":68,"column":4},"end":{"line":73,"column":4}}},"10":{"name":"transferFrom","line":82,"loc":{"start":{"line":82,"column":4},"end":{"line":91,"column":4}}},"11":{"name":"transfer","line":97,"loc":{"start":{"line":97,"column":4},"end":{"line":103,"column":4}}},"12":{"name":"_transfer","line":111,"loc":{"start":{"line":111,"column":4},"end":{"line":121,"column":9}}},"13":{"name":"approve","line":129,"loc":{"start":{"line":129,"column":4},"end":{"line":135,"column":4}}},"14":{"name":"_approve","line":141,"loc":{"start":{"line":141,"column":6},"end":{"line":150,"column":4}}},"15":{"name":"deposit","line":154,"loc":{"start":{"line":154,"column":4},"end":{"line":158,"column":4}}},"16":{"name":"withdraw","line":164,"loc":{"start":{"line":164,"column":4},"end":{"line":171,"column":4}}},"17":{"name":"_sendETH","line":177,"loc":{"start":{"line":177,"column":4},"end":{"line":180,"column":4}}}},"statementMap":{"1":{"start":{"line":23,"column":8},"end":{"line":23,"column":54}},"2":{"start":{"line":28,"column":8},"end":{"line":28,"column":62}},"3":{"start":{"line":34,"column":12},"end":{"line":34,"column":31}},"4":{"start":{"line":38,"column":8},"end":{"line":38,"column":23}},"5":{"start":{"line":45,"column":8},"end":{"line":45,"column":32}},"6":{"start":{"line":50,"column":8},"end":{"line":50,"column":20}},"7":{"start":{"line":55,"column":8},"end":{"line":55,"column":22}},"8":{"start":{"line":61,"column":8},"end":{"line":61,"column":21}},"9":{"start":{"line":72,"column":8},"end":{"line":72,"column":43}},"10":{"start":{"line":87,"column":8},"end":{"line":87,"column":75}},"11":{"start":{"line":88,"column":8},"end":{"line":88,"column":29}},"12":{"start":{"line":89,"column":8},"end":{"line":89,"column":70}},"13":{"start":{"line":90,"column":8},"end":{"line":90,"column":19}},"14":{"start":{"line":101,"column":8},"end":{"line":101,"column":36}},"15":{"start":{"line":102,"column":8},"end":{"line":102,"column":19}},"16":{"start":{"line":116,"column":8},"end":{"line":116,"column":64}},"17":{"start":{"line":117,"column":8},"end":{"line":117,"column":53}},"18":{"start":{"line":120,"column":8},"end":{"line":120,"column":34}},"19":{"start":{"line":133,"column":8},"end":{"line":133,"column":44}},"20":{"start":{"line":134,"column":8},"end":{"line":134,"column":19}},"21":{"start":{"line":146,"column":8},"end":{"line":146,"column":61}},"22":{"start":{"line":147,"column":8},"end":{"line":147,"column":63}},"23":{"start":{"line":149,"column":8},"end":{"line":149,"column":45}},"24":{"start":{"line":155,"column":8},"end":{"line":155,"column":41}},"25":{"start":{"line":157,"column":8},"end":{"line":157,"column":43}},"26":{"start":{"line":165,"column":8},"end":{"line":165,"column":65}},"27":{"start":{"line":166,"column":8},"end":{"line":166,"column":40}},"28":{"start":{"line":168,"column":8},"end":{"line":168,"column":40}},"29":{"start":{"line":170,"column":8},"end":{"line":170,"column":38}},"30":{"start":{"line":178,"column":8},"end":{"line":178,"column":67}},"31":{"start":{"line":179,"column":8},"end":{"line":179,"column":47}}},"branchMap":{"1":{"line":23,"type":"if","locations":[{"start":{"line":23,"column":8},"end":{"line":23,"column":8}},{"start":{"line":23,"column":8},"end":{"line":23,"column":8}}]},"2":{"line":28,"type":"if","locations":[{"start":{"line":28,"column":8},"end":{"line":28,"column":8}},{"start":{"line":28,"column":8},"end":{"line":28,"column":8}}]},"3":{"line":87,"type":"if","locations":[{"start":{"line":87,"column":8},"end":{"line":87,"column":8}},{"start":{"line":87,"column":8},"end":{"line":87,"column":8}}]},"4":{"line":116,"type":"if","locations":[{"start":{"line":116,"column":8},"end":{"line":116,"column":8}},{"start":{"line":116,"column":8},"end":{"line":116,"column":8}}]},"5":{"line":117,"type":"if","locations":[{"start":{"line":117,"column":8},"end":{"line":117,"column":8}},{"start":{"line":117,"column":8},"end":{"line":117,"column":8}}]},"6":{"line":146,"type":"if","locations":[{"start":{"line":146,"column":8},"end":{"line":146,"column":8}},{"start":{"line":146,"column":8},"end":{"line":146,"column":8}}]},"7":{"line":147,"type":"if","locations":[{"start":{"line":147,"column":8},"end":{"line":147,"column":8}},{"start":{"line":147,"column":8},"end":{"line":147,"column":8}}]},"8":{"line":165,"type":"if","locations":[{"start":{"line":165,"column":8},"end":{"line":165,"column":8}},{"start":{"line":165,"column":8},"end":{"line":165,"column":8}}]},"9":{"line":179,"type":"if","locations":[{"start":{"line":179,"column":8},"end":{"line":179,"column":8}},{"start":{"line":179,"column":8},"end":{"line":179,"column":8}}]}}}}