{"contracts/Eschrow.sol":{"l":{"16":0,"23":0},"path":"/Users/snallani/Documents/Documents/Projects/Hardhat/LuckyProjs/SuperRare/contracts/Eschrow.sol","s":{"1":0,"2":0},"b":{},"f":{"1":0,"2":0},"fnMap":{"1":{"name":"name","line":15,"loc":{"start":{"line":15,"column":4},"end":{"line":17,"column":4}}},"2":{"name":"symbol","line":22,"loc":{"start":{"line":22,"column":4},"end":{"line":24,"column":4}}}},"statementMap":{"1":{"start":{"line":16,"column":8},"end":{"line":16,"column":24}},"2":{"start":{"line":23,"column":8},"end":{"line":23,"column":20}}},"branchMap":{}},"contracts/EschrowERC721.sol":{"l":{"54":3,"55":3,"56":3,"60":1,"67":0,"74":0},"path":"/Users/snallani/Documents/Documents/Projects/Hardhat/LuckyProjs/SuperRare/contracts/EschrowERC721.sol","s":{"1":3,"2":3,"3":3,"4":1,"5":0,"6":0},"b":{},"f":{"1":3,"2":1,"3":0,"4":0},"fnMap":{"1":{"name":"constructor","line":52,"loc":{"start":{"line":52,"column":10},"end":{"line":56,"column":61}}},"2":{"name":"onERC721Received","line":59,"loc":{"start":{"line":59,"column":0},"end":{"line":61,"column":0}}},"3":{"name":"name","line":66,"loc":{"start":{"line":66,"column":4},"end":{"line":68,"column":4}}},"4":{"name":"symbol","line":73,"loc":{"start":{"line":73,"column":4},"end":{"line":75,"column":4}}}},"statementMap":{"1":{"start":{"line":54,"column":8},"end":{"line":54,"column":47}},"2":{"start":{"line":55,"column":8},"end":{"line":55,"column":56}},"3":{"start":{"line":56,"column":8},"end":{"line":56,"column":58}},"4":{"start":{"line":60,"column":4},"end":{"line":60,"column":41}},"5":{"start":{"line":67,"column":8},"end":{"line":67,"column":20}},"6":{"start":{"line":74,"column":8},"end":{"line":74,"column":22}}},"branchMap":{}},"contracts/ISupeRare.sol":{"l":{},"path":"/Users/snallani/Documents/Documents/Projects/Hardhat/LuckyProjs/SuperRare/contracts/ISupeRare.sol","s":{},"b":{},"f":{},"fnMap":{},"statementMap":{},"branchMap":{}},"contracts/ISupeRareV2.sol":{"l":{},"path":"/Users/snallani/Documents/Documents/Projects/Hardhat/LuckyProjs/SuperRare/contracts/ISupeRareV2.sol","s":{},"b":{},"f":{},"fnMap":{},"statementMap":{},"branchMap":{}},"contracts/SupeRare.sol":{"l":{"46":0,"47":0,"49":0,"50":0,"51":0,"59":0,"61":0,"68":10,"69":10,"76":8,"77":8,"78":8,"110":5,"111":5,"119":3,"128":21,"137":1,"146":40,"147":40,"148":40,"157":0,"166":0,"175":0,"176":0,"177":0,"178":0,"179":0,"188":0,"189":0,"198":3,"199":3,"200":3,"208":0,"209":0,"211":0,"212":0,"223":0,"233":5,"234":5,"235":5,"237":5,"238":5,"239":5,"240":5,"248":5,"249":5,"250":5,"259":8,"260":8,"261":8,"262":8,"263":8,"264":8,"273":5,"275":5,"276":5,"277":5,"279":5,"280":5,"281":5,"287":5,"290":5,"291":5,"292":5,"315":12,"322":3,"323":3,"331":0,"332":0,"333":0,"402":3,"403":3,"411":0,"412":0,"419":3,"420":3,"430":5,"431":5,"432":5,"440":3,"441":3,"451":0,"452":0,"454":0,"455":0,"456":0,"457":0,"466":0,"467":0,"468":0,"469":0,"470":0,"478":0,"479":0,"480":0,"481":0,"482":0,"483":0,"484":0,"485":0,"486":0,"494":0,"495":0,"496":0,"497":0,"498":0,"499":0,"507":0,"508":0,"509":0,"510":0,"511":0,"512":0,"513":0,"514":0,"515":0,"516":0,"517":0,"518":0,"519":0,"527":0,"528":0,"529":0,"530":0,"538":3,"539":3,"540":3,"548":0,"549":0,"557":0,"564":0,"571":0,"578":0,"587":0,"597":3,"598":3,"609":0,"610":0,"611":0,"620":0,"629":0,"638":0,"646":0,"647":0,"648":0,"649":0,"658":0,"666":0,"667":0,"678":0,"679":0,"680":0,"681":0,"682":0,"683":0,"684":0,"686":0,"687":0,"688":0,"689":0,"691":0,"692":0,"693":0,"702":3,"703":3,"704":3,"705":3,"706":3},"path":"/Users/snallani/Documents/Documents/Projects/Hardhat/LuckyProjs/SuperRare/contracts/SupeRare.sol","s":{"1":0,"2":0,"3":0,"4":0,"5":0,"6":0,"7":0,"8":10,"9":10,"10":8,"11":8,"12":8,"13":5,"14":3,"15":21,"16":1,"17":40,"18":40,"19":40,"20":0,"21":0,"22":0,"23":0,"24":0,"25":0,"26":0,"27":0,"28":3,"29":3,"30":3,"31":0,"32":0,"33":0,"34":0,"35":0,"36":5,"37":5,"38":5,"39":5,"40":5,"41":5,"42":5,"43":5,"44":5,"45":8,"46":8,"47":8,"48":5,"49":5,"50":5,"51":5,"52":5,"53":3,"54":0,"55":0,"56":3,"57":0,"58":3,"59":5,"60":3,"61":0,"62":0,"63":0,"64":0,"65":0,"66":0,"67":0,"68":0,"69":0,"70":0,"71":0,"72":0,"73":0,"74":0,"75":0,"76":0,"77":0,"78":0,"79":0,"80":0,"81":0,"82":0,"83":0,"84":0,"85":0,"86":0,"87":0,"88":0,"89":0,"90":0,"91":0,"92":0,"93":0,"94":0,"95":0,"96":0,"97":3,"98":3,"99":0,"100":0,"101":0,"102":0,"103":0,"104":3,"105":3,"106":0,"107":0,"108":0,"109":0,"110":0,"111":0,"112":0,"113":0,"114":0,"115":0,"116":0,"117":0,"118":0,"119":0,"120":0,"121":0,"122":0,"123":0,"124":3,"125":3,"126":3},"b":{"1":[0,0],"2":[5,0],"3":[40,0],"4":[0,0],"5":[0,0],"6":[0,0],"7":[0,0],"8":[0,0],"9":[0,0],"10":[3,0],"11":[0,0],"12":[0,0],"13":[5,0],"14":[5,0],"15":[5,0],"16":[5,0],"17":[8,0],"18":[5,0],"19":[3,0],"20":[0,0],"21":[0,0],"22":[3,0],"23":[0,0],"24":[3,0],"25":[5,0],"26":[3,0],"27":[3,0],"28":[0,0],"29":[0,0],"30":[0,0],"31":[0,0],"32":[0,0],"33":[0,0],"34":[0,0],"35":[0,0],"36":[0,0],"37":[0,0],"38":[0,0],"39":[3,0],"40":[0,0],"41":[0,0],"42":[0,0]},"f":{"1":0,"2":0,"3":10,"4":8,"5":5,"6":3,"7":21,"8":1,"9":40,"10":0,"11":0,"12":0,"13":0,"14":3,"15":0,"16":0,"17":5,"18":5,"19":8,"20":5,"21":12,"22":3,"23":0,"24":3,"25":0,"26":3,"27":5,"28":3,"29":0,"30":0,"31":0,"32":0,"33":0,"34":0,"35":3,"36":0,"37":0,"38":0,"39":0,"40":0,"41":0,"42":3,"43":0,"44":0,"45":0,"46":0,"47":0,"48":0,"49":0,"50":0,"51":3},"fnMap":{"1":{"name":"mul","line":45,"loc":{"start":{"line":45,"column":2},"end":{"line":52,"column":2}}},"2":{"name":"div","line":57,"loc":{"start":{"line":57,"column":2},"end":{"line":62,"column":2}}},"3":{"name":"sub","line":67,"loc":{"start":{"line":67,"column":2},"end":{"line":70,"column":2}}},"4":{"name":"add","line":75,"loc":{"start":{"line":75,"column":2},"end":{"line":79,"column":2}}},"5":{"name":"onlyOwnerOf","line":109,"loc":{"start":{"line":109,"column":2},"end":{"line":112,"column":2}}},"6":{"name":"totalSupply","line":118,"loc":{"start":{"line":118,"column":2},"end":{"line":120,"column":2}}},"7":{"name":"balanceOf","line":127,"loc":{"start":{"line":127,"column":2},"end":{"line":129,"column":2}}},"8":{"name":"tokensOf","line":136,"loc":{"start":{"line":136,"column":2},"end":{"line":138,"column":2}}},"9":{"name":"ownerOf","line":145,"loc":{"start":{"line":145,"column":2},"end":{"line":149,"column":2}}},"10":{"name":"approvedFor","line":156,"loc":{"start":{"line":156,"column":2},"end":{"line":158,"column":2}}},"11":{"name":"transfer","line":165,"loc":{"start":{"line":165,"column":2},"end":{"line":167,"column":2}}},"12":{"name":"approve","line":174,"loc":{"start":{"line":174,"column":2},"end":{"line":181,"column":2}}},"13":{"name":"takeOwnership","line":187,"loc":{"start":{"line":187,"column":2},"end":{"line":190,"column":2}}},"14":{"name":"_mint","line":197,"loc":{"start":{"line":197,"column":2},"end":{"line":201,"column":2}}},"15":{"name":"_burn","line":207,"loc":{"start":{"line":207,"column":2},"end":{"line":213,"column":2}}},"16":{"name":"isApprovedFor","line":222,"loc":{"start":{"line":222,"column":2},"end":{"line":224,"column":2}}},"17":{"name":"clearApprovalAndTransfer","line":232,"loc":{"start":{"line":232,"column":2},"end":{"line":241,"column":2}}},"18":{"name":"clearApproval","line":247,"loc":{"start":{"line":247,"column":2},"end":{"line":251,"column":2}}},"19":{"name":"addToken","line":258,"loc":{"start":{"line":258,"column":2},"end":{"line":265,"column":2}}},"20":{"name":"removeToken","line":272,"loc":{"start":{"line":272,"column":2},"end":{"line":293,"column":2}}},"21":{"name":"constructor","line":314,"loc":{"start":{"line":314,"column":2},"end":{"line":316,"column":2}}},"22":{"name":"onlyOwner","line":321,"loc":{"start":{"line":321,"column":2},"end":{"line":324,"column":2}}},"23":{"name":"transferOwnership","line":330,"loc":{"start":{"line":330,"column":2},"end":{"line":334,"column":2}}},"24":{"name":"uniqueURI","line":401,"loc":{"start":{"line":401,"column":4},"end":{"line":404,"column":4}}},"25":{"name":"notOwnerOf","line":410,"loc":{"start":{"line":410,"column":4},"end":{"line":413,"column":4}}},"26":{"name":"onlyCreator","line":418,"loc":{"start":{"line":418,"column":4},"end":{"line":421,"column":4}}},"27":{"name":"transfer","line":429,"loc":{"start":{"line":429,"column":4},"end":{"line":433,"column":4}}},"28":{"name":"addNewToken","line":439,"loc":{"start":{"line":439,"column":4},"end":{"line":442,"column":4}}},"29":{"name":"addNewTokenWithEditions","line":450,"loc":{"start":{"line":450,"column":4},"end":{"line":459,"column":4}}},"30":{"name":"bid","line":465,"loc":{"start":{"line":465,"column":4},"end":{"line":471,"column":4}}},"31":{"name":"acceptBid","line":477,"loc":{"start":{"line":477,"column":4},"end":{"line":487,"column":4}}},"32":{"name":"cancelBid","line":493,"loc":{"start":{"line":493,"column":4},"end":{"line":500,"column":4}}},"33":{"name":"buy","line":506,"loc":{"start":{"line":506,"column":4},"end":{"line":520,"column":4}}},"34":{"name":"setSalePrice","line":526,"loc":{"start":{"line":526,"column":4},"end":{"line":531,"column":4}}},"35":{"name":"whitelistCreator","line":537,"loc":{"start":{"line":537,"column":4},"end":{"line":541,"column":4}}},"36":{"name":"setMaintainerPercentage","line":547,"loc":{"start":{"line":547,"column":4},"end":{"line":550,"column":4}}},"37":{"name":"setCreatorPercentage","line":556,"loc":{"start":{"line":556,"column":4},"end":{"line":558,"column":4}}},"38":{"name":"name","line":563,"loc":{"start":{"line":563,"column":4},"end":{"line":565,"column":4}}},"39":{"name":"symbol","line":570,"loc":{"start":{"line":570,"column":4},"end":{"line":572,"column":4}}},"40":{"name":"approve","line":577,"loc":{"start":{"line":577,"column":4},"end":{"line":579,"column":4}}},"41":{"name":"isWhitelisted","line":586,"loc":{"start":{"line":586,"column":4},"end":{"line":588,"column":4}}},"42":{"name":"tokenURI","line":596,"loc":{"start":{"line":596,"column":4},"end":{"line":599,"column":4}}},"43":{"name":"originalTokenOfUri","line":608,"loc":{"start":{"line":608,"column":4},"end":{"line":612,"column":4}}},"44":{"name":"currentBidDetailsOfToken","line":619,"loc":{"start":{"line":619,"column":4},"end":{"line":621,"column":4}}},"45":{"name":"creatorOfToken","line":628,"loc":{"start":{"line":628,"column":4},"end":{"line":630,"column":4}}},"46":{"name":"salePriceOfToken","line":637,"loc":{"start":{"line":637,"column":4},"end":{"line":639,"column":4}}},"47":{"name":"returnCurrentBid","line":645,"loc":{"start":{"line":645,"column":4},"end":{"line":651,"column":4}}},"48":{"name":"isGreaterBid","line":657,"loc":{"start":{"line":657,"column":4},"end":{"line":659,"column":4}}},"49":{"name":"clearBid","line":665,"loc":{"start":{"line":665,"column":4},"end":{"line":668,"column":4}}},"50":{"name":"payout","line":677,"loc":{"start":{"line":677,"column":4},"end":{"line":695,"column":4}}},"51":{"name":"createToken","line":701,"loc":{"start":{"line":701,"column":4},"end":{"line":707,"column":4}}}},"statementMap":{"1":{"start":{"line":46,"column":4},"end":{"line":46,"column":1770}},"2":{"start":{"line":47,"column":6},"end":{"line":47,"column":14}},"3":{"start":{"line":49,"column":4},"end":{"line":49,"column":21}},"4":{"start":{"line":50,"column":4},"end":{"line":50,"column":21}},"5":{"start":{"line":51,"column":4},"end":{"line":51,"column":12}},"6":{"start":{"line":59,"column":4},"end":{"line":59,"column":21}},"7":{"start":{"line":61,"column":4},"end":{"line":61,"column":12}},"8":{"start":{"line":68,"column":4},"end":{"line":68,"column":17}},"9":{"start":{"line":69,"column":4},"end":{"line":69,"column":16}},"10":{"start":{"line":76,"column":4},"end":{"line":76,"column":21}},"11":{"start":{"line":77,"column":4},"end":{"line":77,"column":17}},"12":{"start":{"line":78,"column":4},"end":{"line":78,"column":12}},"13":{"start":{"line":110,"column":4},"end":{"line":110,"column":43}},"14":{"start":{"line":119,"column":4},"end":{"line":119,"column":22}},"15":{"start":{"line":128,"column":4},"end":{"line":128,"column":37}},"16":{"start":{"line":137,"column":4},"end":{"line":137,"column":30}},"17":{"start":{"line":146,"column":4},"end":{"line":146,"column":40}},"18":{"start":{"line":147,"column":4},"end":{"line":147,"column":31}},"19":{"start":{"line":148,"column":4},"end":{"line":148,"column":16}},"20":{"start":{"line":157,"column":4},"end":{"line":157,"column":35}},"21":{"start":{"line":166,"column":4},"end":{"line":166,"column":54}},"22":{"start":{"line":175,"column":4},"end":{"line":175,"column":37}},"23":{"start":{"line":176,"column":4},"end":{"line":176,"column":24}},"24":{"start":{"line":177,"column":4},"end":{"line":177,"column":5897}},"25":{"start":{"line":179,"column":6},"end":{"line":179,"column":41}},"26":{"start":{"line":188,"column":4},"end":{"line":188,"column":47}},"27":{"start":{"line":189,"column":4},"end":{"line":189,"column":68}},"28":{"start":{"line":198,"column":4},"end":{"line":198,"column":29}},"29":{"start":{"line":199,"column":4},"end":{"line":199,"column":26}},"30":{"start":{"line":200,"column":4},"end":{"line":200,"column":44}},"31":{"start":{"line":208,"column":4},"end":{"line":208,"column":6920}},"32":{"start":{"line":209,"column":6},"end":{"line":209,"column":40}},"33":{"start":{"line":211,"column":4},"end":{"line":211,"column":36}},"34":{"start":{"line":212,"column":4},"end":{"line":212,"column":45}},"35":{"start":{"line":223,"column":4},"end":{"line":223,"column":42}},"36":{"start":{"line":233,"column":4},"end":{"line":233,"column":29}},"37":{"start":{"line":234,"column":4},"end":{"line":234,"column":36}},"38":{"start":{"line":235,"column":4},"end":{"line":235,"column":38}},"39":{"start":{"line":237,"column":4},"end":{"line":237,"column":33}},"40":{"start":{"line":238,"column":4},"end":{"line":238,"column":31}},"41":{"start":{"line":239,"column":4},"end":{"line":239,"column":26}},"42":{"start":{"line":240,"column":4},"end":{"line":240,"column":39}},"43":{"start":{"line":248,"column":4},"end":{"line":248,"column":39}},"44":{"start":{"line":250,"column":4},"end":{"line":250,"column":47}},"45":{"start":{"line":259,"column":4},"end":{"line":259,"column":46}},"46":{"start":{"line":261,"column":4},"end":{"line":261,"column":35}},"47":{"start":{"line":262,"column":4},"end":{"line":262,"column":34}},"48":{"start":{"line":273,"column":4},"end":{"line":273,"column":38}},"49":{"start":{"line":275,"column":4},"end":{"line":275,"column":51}},"50":{"start":{"line":276,"column":4},"end":{"line":276,"column":52}},"51":{"start":{"line":277,"column":4},"end":{"line":277,"column":58}},"52":{"start":{"line":287,"column":8},"end":{"line":287,"column":31}},"53":{"start":{"line":322,"column":4},"end":{"line":322,"column":31}},"54":{"start":{"line":331,"column":4},"end":{"line":331,"column":34}},"55":{"start":{"line":332,"column":4},"end":{"line":332,"column":40}},"56":{"start":{"line":402,"column":8},"end":{"line":402,"column":43}},"57":{"start":{"line":411,"column":8},"end":{"line":411,"column":47}},"58":{"start":{"line":419,"column":8},"end":{"line":419,"column":52}},"59":{"start":{"line":432,"column":8},"end":{"line":432,"column":58}},"60":{"start":{"line":440,"column":8},"end":{"line":440,"column":53}},"61":{"start":{"line":451,"column":6},"end":{"line":451,"column":56}},"62":{"start":{"line":454,"column":6},"end":{"line":454,"column":16270}},"63":{"start":{"line":455,"column":8},"end":{"line":455,"column":53}},"64":{"start":{"line":457,"column":8},"end":{"line":457,"column":38}},"65":{"start":{"line":466,"column":8},"end":{"line":466,"column":38}},"66":{"start":{"line":467,"column":8},"end":{"line":467,"column":33}},"67":{"start":{"line":470,"column":8},"end":{"line":470,"column":43}},"68":{"start":{"line":478,"column":8},"end":{"line":478,"column":54}},"69":{"start":{"line":479,"column":8},"end":{"line":479,"column":53}},"70":{"start":{"line":480,"column":8},"end":{"line":480,"column":46}},"71":{"start":{"line":481,"column":8},"end":{"line":481,"column":48}},"72":{"start":{"line":482,"column":8},"end":{"line":482,"column":68}},"73":{"start":{"line":483,"column":8},"end":{"line":483,"column":63}},"74":{"start":{"line":484,"column":8},"end":{"line":484,"column":25}},"75":{"start":{"line":485,"column":8},"end":{"line":485,"column":65}},"76":{"start":{"line":494,"column":8},"end":{"line":494,"column":46}},"77":{"start":{"line":495,"column":8},"end":{"line":495,"column":36}},"78":{"start":{"line":496,"column":8},"end":{"line":496,"column":53}},"79":{"start":{"line":497,"column":8},"end":{"line":497,"column":46}},"80":{"start":{"line":498,"column":8},"end":{"line":498,"column":25}},"81":{"start":{"line":499,"column":8},"end":{"line":499,"column":45}},"82":{"start":{"line":507,"column":8},"end":{"line":507,"column":52}},"83":{"start":{"line":508,"column":8},"end":{"line":508,"column":37}},"84":{"start":{"line":509,"column":8},"end":{"line":509,"column":34}},"85":{"start":{"line":510,"column":8},"end":{"line":510,"column":46}},"86":{"start":{"line":511,"column":8},"end":{"line":511,"column":48}},"87":{"start":{"line":512,"column":8},"end":{"line":512,"column":29}},"88":{"start":{"line":513,"column":8},"end":{"line":513,"column":38}},"89":{"start":{"line":514,"column":8},"end":{"line":514,"column":33}},"90":{"start":{"line":515,"column":8},"end":{"line":515,"column":25}},"91":{"start":{"line":516,"column":8},"end":{"line":516,"column":60}},"92":{"start":{"line":517,"column":8},"end":{"line":517,"column":62}},"93":{"start":{"line":519,"column":8},"end":{"line":519,"column":51}},"94":{"start":{"line":527,"column":8},"end":{"line":527,"column":54}},"95":{"start":{"line":528,"column":8},"end":{"line":528,"column":39}},"96":{"start":{"line":530,"column":8},"end":{"line":530,"column":41}},"97":{"start":{"line":538,"column":4},"end":{"line":538,"column":35}},"98":{"start":{"line":540,"column":6},"end":{"line":540,"column":37}},"99":{"start":{"line":548,"column":8},"end":{"line":548,"column":43}},"100":{"start":{"line":564,"column":8},"end":{"line":564,"column":25}},"101":{"start":{"line":571,"column":8},"end":{"line":571,"column":21}},"102":{"start":{"line":578,"column":8},"end":{"line":578,"column":42}},"103":{"start":{"line":587,"column":6},"end":{"line":587,"column":39}},"104":{"start":{"line":597,"column":8},"end":{"line":597,"column":24}},"105":{"start":{"line":598,"column":8},"end":{"line":598,"column":35}},"106":{"start":{"line":609,"column":8},"end":{"line":609,"column":48}},"107":{"start":{"line":610,"column":8},"end":{"line":610,"column":23}},"108":{"start":{"line":611,"column":8},"end":{"line":611,"column":22}},"109":{"start":{"line":620,"column":8},"end":{"line":620,"column":65}},"110":{"start":{"line":629,"column":8},"end":{"line":629,"column":37}},"111":{"start":{"line":638,"column":8},"end":{"line":638,"column":39}},"112":{"start":{"line":646,"column":8},"end":{"line":646,"column":54}},"113":{"start":{"line":647,"column":8},"end":{"line":647,"column":53}},"114":{"start":{"line":648,"column":8},"end":{"line":648,"column":23356}},"115":{"start":{"line":649,"column":12},"end":{"line":649,"column":54}},"116":{"start":{"line":658,"column":8},"end":{"line":658,"column":52}},"117":{"start":{"line":678,"column":8},"end":{"line":678,"column":33}},"118":{"start":{"line":679,"column":8},"end":{"line":679,"column":30}},"119":{"start":{"line":680,"column":8},"end":{"line":680,"column":28}},"120":{"start":{"line":681,"column":8},"end":{"line":681,"column":24569}},"121":{"start":{"line":691,"column":8},"end":{"line":691,"column":55}},"122":{"start":{"line":692,"column":8},"end":{"line":692,"column":49}},"123":{"start":{"line":693,"column":8},"end":{"line":693,"column":50}},"124":{"start":{"line":702,"column":6},"end":{"line":702,"column":39}},"125":{"start":{"line":703,"column":6},"end":{"line":703,"column":27}},"126":{"start":{"line":706,"column":6},"end":{"line":706,"column":18}}},"branchMap":{"1":{"line":46,"type":"if","locations":[{"start":{"line":46,"column":4},"end":{"line":46,"column":4}},{"start":{"line":46,"column":4},"end":{"line":46,"column":4}}]},"2":{"line":110,"type":"if","locations":[{"start":{"line":110,"column":4},"end":{"line":110,"column":4}},{"start":{"line":110,"column":4},"end":{"line":110,"column":4}}]},"3":{"line":147,"type":"if","locations":[{"start":{"line":147,"column":4},"end":{"line":147,"column":4}},{"start":{"line":147,"column":4},"end":{"line":147,"column":4}}]},"4":{"line":165,"type":"if","locations":[{"start":{"line":165,"column":75},"end":{"line":165,"column":75}},{"start":{"line":165,"column":75},"end":{"line":165,"column":75}}]},"5":{"line":174,"type":"if","locations":[{"start":{"line":174,"column":74},"end":{"line":174,"column":74}},{"start":{"line":174,"column":74},"end":{"line":174,"column":74}}]},"6":{"line":176,"type":"if","locations":[{"start":{"line":176,"column":4},"end":{"line":176,"column":4}},{"start":{"line":176,"column":4},"end":{"line":176,"column":4}}]},"7":{"line":177,"type":"if","locations":[{"start":{"line":177,"column":4},"end":{"line":177,"column":4}},{"start":{"line":177,"column":4},"end":{"line":177,"column":4}}]},"8":{"line":177,"type":"cond-expr","locations":[{"start":{"line":177,"column":8},"end":{"line":177,"column":42}},{"start":{"line":177,"column":47},"end":{"line":177,"column":63}}]},"9":{"line":188,"type":"if","locations":[{"start":{"line":188,"column":4},"end":{"line":188,"column":4}},{"start":{"line":188,"column":4},"end":{"line":188,"column":4}}]},"10":{"line":198,"type":"if","locations":[{"start":{"line":198,"column":4},"end":{"line":198,"column":4}},{"start":{"line":198,"column":4},"end":{"line":198,"column":4}}]},"11":{"line":207,"type":"if","locations":[{"start":{"line":207,"column":35},"end":{"line":207,"column":35}},{"start":{"line":207,"column":35},"end":{"line":207,"column":35}}]},"12":{"line":208,"type":"if","locations":[{"start":{"line":208,"column":4},"end":{"line":208,"column":4}},{"start":{"line":208,"column":4},"end":{"line":208,"column":4}}]},"13":{"line":233,"type":"if","locations":[{"start":{"line":233,"column":4},"end":{"line":233,"column":4}},{"start":{"line":233,"column":4},"end":{"line":233,"column":4}}]},"14":{"line":234,"type":"if","locations":[{"start":{"line":234,"column":4},"end":{"line":234,"column":4}},{"start":{"line":234,"column":4},"end":{"line":234,"column":4}}]},"15":{"line":235,"type":"if","locations":[{"start":{"line":235,"column":4},"end":{"line":235,"column":4}},{"start":{"line":235,"column":4},"end":{"line":235,"column":4}}]},"16":{"line":248,"type":"if","locations":[{"start":{"line":248,"column":4},"end":{"line":248,"column":4}},{"start":{"line":248,"column":4},"end":{"line":248,"column":4}}]},"17":{"line":259,"type":"if","locations":[{"start":{"line":259,"column":4},"end":{"line":259,"column":4}},{"start":{"line":259,"column":4},"end":{"line":259,"column":4}}]},"18":{"line":273,"type":"if","locations":[{"start":{"line":273,"column":4},"end":{"line":273,"column":4}},{"start":{"line":273,"column":4},"end":{"line":273,"column":4}}]},"19":{"line":322,"type":"if","locations":[{"start":{"line":322,"column":4},"end":{"line":322,"column":4}},{"start":{"line":322,"column":4},"end":{"line":322,"column":4}}]},"20":{"line":330,"type":"if","locations":[{"start":{"line":330,"column":54},"end":{"line":330,"column":54}},{"start":{"line":330,"column":54},"end":{"line":330,"column":54}}]},"21":{"line":331,"type":"if","locations":[{"start":{"line":331,"column":4},"end":{"line":331,"column":4}},{"start":{"line":331,"column":4},"end":{"line":331,"column":4}}]},"22":{"line":402,"type":"if","locations":[{"start":{"line":402,"column":8},"end":{"line":402,"column":8}},{"start":{"line":402,"column":8},"end":{"line":402,"column":8}}]},"23":{"line":411,"type":"if","locations":[{"start":{"line":411,"column":8},"end":{"line":411,"column":8}},{"start":{"line":411,"column":8},"end":{"line":411,"column":8}}]},"24":{"line":419,"type":"if","locations":[{"start":{"line":419,"column":8},"end":{"line":419,"column":8}},{"start":{"line":419,"column":8},"end":{"line":419,"column":8}}]},"25":{"line":429,"type":"if","locations":[{"start":{"line":429,"column":77},"end":{"line":429,"column":77}},{"start":{"line":429,"column":77},"end":{"line":429,"column":77}}]},"26":{"line":439,"type":"if","locations":[{"start":{"line":439,"column":52},"end":{"line":439,"column":52}},{"start":{"line":439,"column":52},"end":{"line":439,"column":52}}]},"27":{"line":439,"type":"if","locations":[{"start":{"line":439,"column":68},"end":{"line":439,"column":68}},{"start":{"line":439,"column":68},"end":{"line":439,"column":68}}]},"28":{"line":450,"type":"if","locations":[{"start":{"line":450,"column":103},"end":{"line":450,"column":103}},{"start":{"line":450,"column":103},"end":{"line":450,"column":103}}]},"29":{"line":450,"type":"if","locations":[{"start":{"line":450,"column":119},"end":{"line":450,"column":119}},{"start":{"line":450,"column":119},"end":{"line":450,"column":119}}]},"30":{"line":465,"type":"if","locations":[{"start":{"line":465,"column":50},"end":{"line":465,"column":50}},{"start":{"line":465,"column":50},"end":{"line":465,"column":50}}]},"31":{"line":466,"type":"if","locations":[{"start":{"line":466,"column":8},"end":{"line":466,"column":8}},{"start":{"line":466,"column":8},"end":{"line":466,"column":8}}]},"32":{"line":477,"type":"if","locations":[{"start":{"line":477,"column":48},"end":{"line":477,"column":48}},{"start":{"line":477,"column":48},"end":{"line":477,"column":48}}]},"33":{"line":495,"type":"if","locations":[{"start":{"line":495,"column":8},"end":{"line":495,"column":8}},{"start":{"line":495,"column":8},"end":{"line":495,"column":8}}]},"34":{"line":506,"type":"if","locations":[{"start":{"line":506,"column":50},"end":{"line":506,"column":50}},{"start":{"line":506,"column":50},"end":{"line":506,"column":50}}]},"35":{"line":512,"type":"if","locations":[{"start":{"line":512,"column":8},"end":{"line":512,"column":8}},{"start":{"line":512,"column":8},"end":{"line":512,"column":8}}]},"36":{"line":513,"type":"if","locations":[{"start":{"line":513,"column":8},"end":{"line":513,"column":8}},{"start":{"line":513,"column":8},"end":{"line":513,"column":8}}]},"37":{"line":526,"type":"if","locations":[{"start":{"line":526,"column":71},"end":{"line":526,"column":71}},{"start":{"line":526,"column":71},"end":{"line":526,"column":71}}]},"38":{"line":528,"type":"if","locations":[{"start":{"line":528,"column":8},"end":{"line":528,"column":8}},{"start":{"line":528,"column":8},"end":{"line":528,"column":8}}]},"39":{"line":537,"type":"if","locations":[{"start":{"line":537,"column":55},"end":{"line":537,"column":55}},{"start":{"line":537,"column":55},"end":{"line":537,"column":55}}]},"40":{"line":556,"type":"if","locations":[{"start":{"line":556,"column":62},"end":{"line":556,"column":62}},{"start":{"line":556,"column":62},"end":{"line":556,"column":62}}]},"41":{"line":648,"type":"if","locations":[{"start":{"line":648,"column":8},"end":{"line":648,"column":8}},{"start":{"line":648,"column":8},"end":{"line":648,"column":8}}]},"42":{"line":681,"type":"if","locations":[{"start":{"line":681,"column":8},"end":{"line":681,"column":8}},{"start":{"line":681,"column":8},"end":{"line":681,"column":8}}]}}},"contracts/SupeRareV2.sol":{"l":{"112":12,"113":12,"114":12,"115":12,"116":12,"126":2,"127":1,"135":8,"136":6,"145":3,"146":3,"155":1,"156":1,"166":6,"167":5,"168":5,"169":5,"180":1,"189":3,"190":3,"191":3,"192":3,"204":3,"205":3,"206":3,"207":3,"208":3,"209":3,"221":1,"222":1,"223":1,"224":1,"225":1,"226":1,"238":1,"239":1,"248":0,"260":0,"261":0,"262":0,"272":0,"273":0,"274":0,"282":0,"285":0},"path":"/Users/snallani/Documents/Documents/Projects/Hardhat/LuckyProjs/SuperRare/contracts/SupeRareV2.sol","s":{"1":12,"2":12,"3":12,"4":2,"5":8,"6":3,"7":1,"8":6,"9":5,"10":5,"11":1,"12":3,"13":3,"14":3,"15":3,"16":3,"17":3,"18":3,"19":3,"20":1,"21":1,"22":1,"23":1,"24":1,"25":1,"26":1,"27":0,"28":0,"29":0,"30":0,"31":0,"32":0,"33":0,"34":0,"35":0},"b":{"1":[1,1],"2":[6,2],"3":[3,0],"4":[1,0],"5":[6,2],"6":[5,1],"7":[3,0],"8":[3,0],"9":[3,0],"10":[1,1],"11":[1,0],"12":[1,0],"13":[0,0],"14":[0,0]},"f":{"1":12,"2":2,"3":8,"4":3,"5":1,"6":6,"7":1,"8":3,"9":3,"10":1,"11":1,"12":0,"13":0,"14":0,"15":0},"fnMap":{"1":{"name":"constructor","line":111,"loc":{"start":{"line":111,"column":10},"end":{"line":116,"column":61}}},"2":{"name":"onlyOwnerOfToken","line":125,"loc":{"start":{"line":125,"column":2},"end":{"line":128,"column":2}}},"3":{"name":"onlyOwnerOfV1","line":134,"loc":{"start":{"line":134,"column":2},"end":{"line":137,"column":2}}},"4":{"name":"onlyWhitelisted","line":144,"loc":{"start":{"line":144,"column":4},"end":{"line":147,"column":4}}},"5":{"name":"onlyPegged","line":154,"loc":{"start":{"line":154,"column":4},"end":{"line":157,"column":4}}},"6":{"name":"getAddedToWhitelist","line":165,"loc":{"start":{"line":165,"column":4},"end":{"line":170,"column":4}}},"7":{"name":"isPegged","line":179,"loc":{"start":{"line":179,"column":4},"end":{"line":181,"column":4}}},"8":{"name":"_setPeg","line":188,"loc":{"start":{"line":188,"column":4},"end":{"line":193,"column":4}}},"9":{"name":"mintV2","line":203,"loc":{"start":{"line":203,"column":4},"end":{"line":210,"column":4}}},"10":{"name":"withdraw","line":220,"loc":{"start":{"line":220,"column":4},"end":{"line":227,"column":4}}},"11":{"name":"safelyTransfer","line":237,"loc":{"start":{"line":237,"column":4},"end":{"line":240,"column":4}}},"12":{"name":"getSupeRareAddress","line":247,"loc":{"start":{"line":247,"column":4},"end":{"line":249,"column":4}}},"13":{"name":"setTokenURI","line":259,"loc":{"start":{"line":259,"column":4},"end":{"line":263,"column":4}}},"14":{"name":"setBaseURI","line":271,"loc":{"start":{"line":271,"column":4},"end":{"line":275,"column":4}}},"15":{"name":"onERC721Received","line":280,"loc":{"start":{"line":280,"column":4},"end":{"line":286,"column":4}}}},"statementMap":{"1":{"start":{"line":114,"column":8},"end":{"line":114,"column":47}},"2":{"start":{"line":115,"column":8},"end":{"line":115,"column":56}},"3":{"start":{"line":116,"column":8},"end":{"line":116,"column":58}},"4":{"start":{"line":126,"column":4},"end":{"line":126,"column":106}},"5":{"start":{"line":135,"column":4},"end":{"line":135,"column":104}},"6":{"start":{"line":145,"column":8},"end":{"line":145,"column":127}},"7":{"start":{"line":155,"column":8},"end":{"line":155,"column":94}},"8":{"start":{"line":166,"column":8},"end":{"line":166,"column":101}},"9":{"start":{"line":168,"column":8},"end":{"line":168,"column":54}},"10":{"start":{"line":169,"column":9},"end":{"line":169,"column":20}},"11":{"start":{"line":180,"column":8},"end":{"line":180,"column":34}},"12":{"start":{"line":189,"column":8},"end":{"line":189,"column":96}},"13":{"start":{"line":191,"column":8},"end":{"line":191,"column":29}},"14":{"start":{"line":192,"column":8},"end":{"line":192,"column":19}},"15":{"start":{"line":204,"column":8},"end":{"line":204,"column":129}},"16":{"start":{"line":205,"column":8},"end":{"line":205,"column":40}},"17":{"start":{"line":206,"column":8},"end":{"line":206,"column":54}},"18":{"start":{"line":208,"column":8},"end":{"line":208,"column":42}},"19":{"start":{"line":209,"column":8},"end":{"line":209,"column":19}},"20":{"start":{"line":221,"column":8},"end":{"line":221,"column":82}},"21":{"start":{"line":222,"column":8},"end":{"line":222,"column":22}},"22":{"start":{"line":223,"column":9},"end":{"line":223,"column":44}},"23":{"start":{"line":225,"column":8},"end":{"line":225,"column":46}},"24":{"start":{"line":226,"column":8},"end":{"line":226,"column":19}},"25":{"start":{"line":238,"column":8},"end":{"line":238,"column":46}},"26":{"start":{"line":239,"column":8},"end":{"line":239,"column":19}},"27":{"start":{"line":248,"column":8},"end":{"line":248,"column":36}},"28":{"start":{"line":260,"column":9},"end":{"line":260,"column":41}},"29":{"start":{"line":261,"column":8},"end":{"line":261,"column":44}},"30":{"start":{"line":262,"column":8},"end":{"line":262,"column":19}},"31":{"start":{"line":272,"column":8},"end":{"line":272,"column":27}},"32":{"start":{"line":273,"column":8},"end":{"line":273,"column":32}},"33":{"start":{"line":274,"column":8},"end":{"line":274,"column":19}},"34":{"start":{"line":282,"column":12},"end":{"line":282,"column":46}},"35":{"start":{"line":285,"column":8},"end":{"line":285,"column":31}}},"branchMap":{"1":{"line":126,"type":"if","locations":[{"start":{"line":126,"column":4},"end":{"line":126,"column":4}},{"start":{"line":126,"column":4},"end":{"line":126,"column":4}}]},"2":{"line":135,"type":"if","locations":[{"start":{"line":135,"column":4},"end":{"line":135,"column":4}},{"start":{"line":135,"column":4},"end":{"line":135,"column":4}}]},"3":{"line":145,"type":"if","locations":[{"start":{"line":145,"column":8},"end":{"line":145,"column":8}},{"start":{"line":145,"column":8},"end":{"line":145,"column":8}}]},"4":{"line":155,"type":"if","locations":[{"start":{"line":155,"column":8},"end":{"line":155,"column":8}},{"start":{"line":155,"column":8},"end":{"line":155,"column":8}}]},"5":{"line":165,"type":"if","locations":[{"start":{"line":165,"column":79},"end":{"line":165,"column":79}},{"start":{"line":165,"column":79},"end":{"line":165,"column":79}}]},"6":{"line":166,"type":"if","locations":[{"start":{"line":166,"column":8},"end":{"line":166,"column":8}},{"start":{"line":166,"column":8},"end":{"line":166,"column":8}}]},"7":{"line":189,"type":"if","locations":[{"start":{"line":189,"column":8},"end":{"line":189,"column":8}},{"start":{"line":189,"column":8},"end":{"line":189,"column":8}}]},"8":{"line":203,"type":"if","locations":[{"start":{"line":203,"column":64},"end":{"line":203,"column":64}},{"start":{"line":203,"column":64},"end":{"line":203,"column":64}}]},"9":{"line":204,"type":"if","locations":[{"start":{"line":204,"column":8},"end":{"line":204,"column":8}},{"start":{"line":204,"column":8},"end":{"line":204,"column":8}}]},"10":{"line":220,"type":"if","locations":[{"start":{"line":220,"column":66},"end":{"line":220,"column":66}},{"start":{"line":220,"column":66},"end":{"line":220,"column":66}}]},"11":{"line":220,"type":"if","locations":[{"start":{"line":220,"column":93},"end":{"line":220,"column":93}},{"start":{"line":220,"column":93},"end":{"line":220,"column":93}}]},"12":{"line":221,"type":"if","locations":[{"start":{"line":221,"column":8},"end":{"line":221,"column":8}},{"start":{"line":221,"column":8},"end":{"line":221,"column":8}}]},"13":{"line":259,"type":"if","locations":[{"start":{"line":259,"column":95},"end":{"line":259,"column":95}},{"start":{"line":259,"column":95},"end":{"line":259,"column":95}}]},"14":{"line":271,"type":"if","locations":[{"start":{"line":271,"column":76},"end":{"line":271,"column":76}},{"start":{"line":271,"column":76},"end":{"line":271,"column":76}}]}}}}