TN:
SF:/Users/snallani/Documents/Documents/Projects/Hardhat/LuckyProjs/SuperRare/contracts/EschrowERC721.sol
FN:52,constructor
FN:59,onERC721Received
FN:66,name
FN:73,symbol
FNF:4
FNH:1
FNDA:3,constructor
FNDA:0,onERC721Received
FNDA:0,name
FNDA:0,symbol
DA:54,1
DA:55,1
DA:56,0
DA:60,0
DA:67,0
DA:74,0
LF:6
LH:2
BRF:0
BRH:0
end_of_record
TN:
SF:/Users/snallani/Documents/Documents/Projects/Hardhat/LuckyProjs/SuperRare/contracts/ISupeRare.sol
FNF:0
FNH:0
LF:0
LH:0
BRF:0
BRH:0
end_of_record
TN:
SF:/Users/snallani/Documents/Documents/Projects/Hardhat/LuckyProjs/SuperRare/contracts/ISupeRareV2.sol
FNF:0
FNH:0
LF:0
LH:0
BRF:0
BRH:0
end_of_record
TN:
SF:/Users/snallani/Documents/Documents/Projects/Hardhat/LuckyProjs/SuperRare/contracts/SupeRare.sol
FN:45,mul
FN:57,div
FN:67,sub
FN:75,add
FN:109,onlyOwnerOf
FN:118,totalSupply
FN:127,balanceOf
FN:136,tokensOf
FN:145,ownerOf
FN:156,approvedFor
FN:165,transfer
FN:174,approve
FN:187,takeOwnership
FN:197,_mint
FN:207,_burn
FN:222,isApprovedFor
FN:232,clearApprovalAndTransfer
FN:247,clearApproval
FN:258,addToken
FN:272,removeToken
FN:314,constructor
FN:321,onlyOwner
FN:330,transferOwnership
FN:401,uniqueURI
FN:410,notOwnerOf
FN:418,onlyCreator
FN:429,transfer
FN:439,addNewToken
FN:450,addNewTokenWithEditions
FN:465,bid
FN:477,acceptBid
FN:493,cancelBid
FN:506,buy
FN:526,setSalePrice
FN:537,whitelistCreator
FN:547,setMaintainerPercentage
FN:556,setCreatorPercentage
FN:563,name
FN:570,symbol
FN:577,approve
FN:586,isWhitelisted
FN:596,tokenURI
FN:608,originalTokenOfUri
FN:619,currentBidDetailsOfToken
FN:628,creatorOfToken
FN:637,salePriceOfToken
FN:645,returnCurrentBid
FN:657,isGreaterBid
FN:665,clearBid
FN:677,payout
FN:701,createToken
FNF:51
FNH:19
FNDA:0,mul
FNDA:10,div
FNDA:8,sub
FNDA:8,add
FNDA:3,onlyOwnerOf
FNDA:1,totalSupply
FNDA:40,balanceOf
FNDA:40,tokensOf
FNDA:40,ownerOf
FNDA:0,approvedFor
FNDA:0,transfer
FNDA:0,approve
FNDA:0,takeOwnership
FNDA:3,_mint
FNDA:0,_burn
FNDA:5,isApprovedFor
FNDA:5,clearApprovalAndTransfer
FNDA:5,clearApproval
FNDA:8,addToken
FNDA:5,removeToken
FNDA:3,constructor
FNDA:0,onlyOwner
FNDA:0,transferOwnership
FNDA:0,uniqueURI
FNDA:3,notOwnerOf
FNDA:0,onlyCreator
FNDA:0,transfer
FNDA:0,addNewToken
FNDA:0,addNewTokenWithEditions
FNDA:0,bid
FNDA:0,acceptBid
FNDA:0,cancelBid
FNDA:0,buy
FNDA:0,setSalePrice
FNDA:0,whitelistCreator
FNDA:0,setMaintainerPercentage
FNDA:0,setCreatorPercentage
FNDA:0,name
FNDA:0,symbol
FNDA:3,approve
FNDA:3,isWhitelisted
FNDA:0,tokenURI
FNDA:0,originalTokenOfUri
FNDA:0,currentBidDetailsOfToken
FNDA:0,creatorOfToken
FNDA:0,salePriceOfToken
FNDA:0,returnCurrentBid
FNDA:0,isGreaterBid
FNDA:0,clearBid
FNDA:0,payout
FNDA:3,createToken
DA:46,0
DA:47,0
DA:49,0
DA:50,0
DA:51,0
DA:59,10
DA:61,10
DA:68,8
DA:69,8
DA:76,0
DA:77,0
DA:78,0
DA:110,3
DA:111,21
DA:119,1
DA:128,40
DA:137,40
DA:146,40
DA:147,0
DA:148,0
DA:157,0
DA:166,0
DA:175,0
DA:176,0
DA:177,0
DA:178,0
DA:179,0
DA:188,3
DA:189,3
DA:198,3
DA:199,0
DA:200,0
DA:208,0
DA:209,0
DA:211,0
DA:212,5
DA:223,5
DA:233,5
DA:234,5
DA:235,5
DA:237,5
DA:238,5
DA:239,5
DA:240,5
DA:248,5
DA:249,8
DA:250,8
DA:259,8
DA:260,8
DA:261,5
DA:262,5
DA:263,5
DA:264,5
DA:273,5
DA:275,5
DA:276,5
DA:277,5
DA:279,5
DA:280,5
DA:281,0
DA:287,0
DA:290,0
DA:291,0
DA:292,0
DA:315,3
DA:322,0
DA:323,0
DA:331,0
DA:332,0
DA:333,0
DA:402,0
DA:403,0
DA:411,3
DA:412,3
DA:419,0
DA:420,5
DA:430,0
DA:431,0
DA:432,3
DA:440,0
DA:441,0
DA:451,0
DA:452,0
DA:454,0
DA:455,0
DA:456,0
DA:457,0
DA:466,0
DA:467,0
DA:468,0
DA:469,0
DA:470,0
DA:478,0
DA:479,0
DA:480,0
DA:481,0
DA:482,0
DA:483,0
DA:484,0
DA:485,0
DA:486,0
DA:494,0
DA:495,0
DA:496,0
DA:497,0
DA:498,0
DA:499,0
DA:507,0
DA:508,0
DA:509,0
DA:510,0
DA:511,0
DA:512,0
DA:513,0
DA:514,0
DA:515,0
DA:516,0
DA:517,0
DA:518,0
DA:519,0
DA:527,0
DA:528,0
DA:529,3
DA:530,3
DA:538,0
DA:539,0
DA:540,0
DA:548,0
DA:549,0
DA:557,0
DA:564,0
DA:571,0
DA:578,3
DA:587,3
DA:597,0
DA:598,0
DA:609,0
DA:610,0
DA:611,0
DA:620,0
DA:629,0
DA:638,0
DA:646,0
DA:647,0
DA:648,0
DA:649,0
DA:658,0
DA:666,0
DA:667,0
DA:678,0
DA:679,0
DA:680,0
DA:681,0
DA:682,0
DA:683,0
DA:684,0
DA:686,0
DA:687,0
DA:688,0
DA:689,0
DA:691,3
DA:692,3
DA:693,3
DA:702,3
DA:703,0
DA:704,0
DA:705,0
DA:706,0
LF:168
LH:50
BRDA:46,1,0,0
BRDA:46,1,1,0
BRDA:110,2,0,21
BRDA:110,2,1,-18
BRDA:147,3,0,0
BRDA:147,3,1,0
BRDA:165,4,0,0
BRDA:165,4,1,0
BRDA:174,5,0,0
BRDA:174,5,1,0
BRDA:176,6,0,0
BRDA:176,6,1,0
BRDA:177,7,0,0
BRDA:177,7,1,0
BRDA:177,8,0,0
BRDA:177,8,1,0
BRDA:188,9,0,3
BRDA:188,9,1,0
BRDA:198,10,0,0
BRDA:198,10,1,3
BRDA:207,11,0,0
BRDA:207,11,1,0
BRDA:208,12,0,0
BRDA:208,12,1,0
BRDA:233,13,0,5
BRDA:233,13,1,0
BRDA:234,14,0,5
BRDA:234,14,1,0
BRDA:235,15,0,5
BRDA:235,15,1,0
BRDA:248,16,0,8
BRDA:248,16,1,0
BRDA:259,17,0,8
BRDA:259,17,1,0
BRDA:273,18,0,5
BRDA:273,18,1,0
BRDA:322,19,0,0
BRDA:322,19,1,0
BRDA:330,20,0,0
BRDA:330,20,1,0
BRDA:331,21,0,0
BRDA:331,21,1,0
BRDA:402,22,0,0
BRDA:402,22,1,0
BRDA:411,23,0,3
BRDA:411,23,1,0
BRDA:419,24,0,5
BRDA:419,24,1,0
BRDA:429,25,0,0
BRDA:429,25,1,0
BRDA:439,26,0,0
BRDA:439,26,1,0
BRDA:439,27,0,0
BRDA:439,27,1,0
BRDA:450,28,0,0
BRDA:450,28,1,0
BRDA:450,29,0,0
BRDA:450,29,1,0
BRDA:465,30,0,0
BRDA:465,30,1,0
BRDA:466,31,0,0
BRDA:466,31,1,0
BRDA:477,32,0,0
BRDA:477,32,1,0
BRDA:495,33,0,0
BRDA:495,33,1,0
BRDA:506,34,0,0
BRDA:506,34,1,0
BRDA:512,35,0,0
BRDA:512,35,1,0
BRDA:513,36,0,0
BRDA:513,36,1,0
BRDA:526,37,0,0
BRDA:526,37,1,0
BRDA:528,38,0,0
BRDA:528,38,1,0
BRDA:537,39,0,0
BRDA:537,39,1,0
BRDA:556,40,0,0
BRDA:556,40,1,0
BRDA:648,41,0,0
BRDA:648,41,1,0
BRDA:681,42,0,0
BRDA:681,42,1,0
BRF:84
BRH:11
end_of_record
TN:
SF:/Users/snallani/Documents/Documents/Projects/Hardhat/LuckyProjs/SuperRare/contracts/SupeRareV2.sol
FN:111,constructor
FN:125,onlyOwnerOfToken
FN:134,onlyOwnerOfV1
FN:144,onlyWhitelisted
FN:154,onlyPegged
FN:165,getAddedToWhitelist
FN:179,isPegged
FN:188,_setPeg
FN:203,mintV2
FN:220,withdraw
FN:237,safelyTransfer
FN:247,getSupeRareAddress
FN:259,setTokenURI
FN:271,setBaseURI
FN:280,onERC721Received
FNF:15
FNH:9
FNDA:12,constructor
FNDA:8,onlyOwnerOfToken
FNDA:3,onlyOwnerOfV1
FNDA:1,onlyWhitelisted
FNDA:0,onlyPegged
FNDA:5,getAddedToWhitelist
FNDA:3,isPegged
FNDA:3,_setPeg
FNDA:3,mintV2
FNDA:1,withdraw
FNDA:0,safelyTransfer
FNDA:0,getSupeRareAddress
FNDA:0,setTokenURI
FNDA:0,setBaseURI
FNDA:0,onERC721Received
DA:112,12
DA:113,12
DA:114,2
DA:115,2
DA:116,1
DA:126,8
DA:127,6
DA:135,3
DA:136,3
DA:145,1
DA:146,1
DA:155,0
DA:156,6
DA:166,5
DA:167,1
DA:168,1
DA:169,3
DA:180,3
DA:189,3
DA:190,0
DA:191,3
DA:192,3
DA:204,3
DA:205,3
DA:206,3
DA:207,0
DA:208,0
DA:209,1
DA:221,1
DA:222,1
DA:223,1
DA:224,1
DA:225,1
DA:226,1
DA:238,0
DA:239,0
DA:248,0
DA:260,0
DA:261,0
DA:262,0
DA:272,0
DA:273,0
DA:274,0
DA:282,0
DA:285,0
LF:45
LH:30
BRDA:126,1,0,6
BRDA:126,1,1,2
BRDA:135,2,0,3
BRDA:135,2,1,0
BRDA:145,3,0,1
BRDA:145,3,1,0
BRDA:155,4,0,6
BRDA:155,4,1,0
BRDA:165,5,0,0
BRDA:165,5,1,0
BRDA:166,6,0,1
BRDA:166,6,1,4
BRDA:189,7,0,0
BRDA:189,7,1,3
BRDA:203,8,0,0
BRDA:203,8,1,0
BRDA:204,9,0,3
BRDA:204,9,1,0
BRDA:220,10,0,0
BRDA:220,10,1,0
BRDA:220,11,0,0
BRDA:220,11,1,0
BRDA:221,12,0,1
BRDA:221,12,1,0
BRDA:259,13,0,0
BRDA:259,13,1,0
BRDA:271,14,0,0
BRDA:271,14,1,0
BRF:28
BRH:10
end_of_record
